[      39ms] TypeError: Cannot read properties of undefined (reading 'transformCallback')
    at transformCallback (http://localhost:1420/node_modules/.vite/deps/chunk-G7S6KQDI.js?v=7e14fcc2:22:37)
    at listen (http://localhost:1420/node_modules/.vite/deps/@tauri-apps_api_event.js?v=7e14fcc2:40:14)
    at onPartial (http://localhost:1420/src/lib/events.ts:3:10)
    at Object.init (http://localhost:1420/src/lib/recording.svelte.ts?t=1783271244410:143:3)
    at http://localhost:1420/src/routes/+layout.svelte?t=1783271541297:18:13
    at untrack (http://localhost:1420/node_modules/.vite/deps/chunk-USXNSDCW.js?v=7e14fcc2:4510:12)
    at $effect (http://localhost:1420/node_modules/.vite/deps/chunk-MRXB2PTD.js?v=7e14fcc2:4289:23)
    at update_reaction (http://localhost:1420/node_modules/.vite/deps/chunk-USXNSDCW.js?v=7e14fcc2:4192:18)
    at update_effect (http://localhost:1420/node_modules/.vite/deps/chunk-USXNSDCW.js?v=7e14fcc2:4333:21)
    at flush_queued_effects (http://localhost:1420/node_modules/.vite/deps/chunk-USXNSDCW.js?v=7e14fcc2:3312:7)
[      39ms] TypeError: Cannot read properties of undefined (reading 'transformCallback')
    at transformCallback (http://localhost:1420/node_modules/.vite/deps/chunk-G7S6KQDI.js?v=7e14fcc2:22:37)
    at listen (http://localhost:1420/node_modules/.vite/deps/@tauri-apps_api_event.js?v=7e14fcc2:40:14)
    at onFinal (http://localhost:1420/src/lib/events.ts:9:10)
    at Object.init (http://localhost:1420/src/lib/recording.svelte.ts?t=1783271244410:147:3)
    at http://localhost:1420/src/routes/+layout.svelte?t=1783271541297:18:13
    at untrack (http://localhost:1420/node_modules/.vite/deps/chunk-USXNSDCW.js?v=7e14fcc2:4510:12)
    at $effect (http://localhost:1420/node_modules/.vite/deps/chunk-MRXB2PTD.js?v=7e14fcc2:4289:23)
    at update_reaction (http://localhost:1420/node_modules/.vite/deps/chunk-USXNSDCW.js?v=7e14fcc2:4192:18)
    at update_effect (http://localhost:1420/node_modules/.vite/deps/chunk-USXNSDCW.js?v=7e14fcc2:4333:21)
    at flush_queued_effects (http://localhost:1420/node_modules/.vite/deps/chunk-USXNSDCW.js?v=7e14fcc2:3312:7)
[      39ms] TypeError: Cannot read properties of undefined (reading 'transformCallback')
    at transformCallback (http://localhost:1420/node_modules/.vite/deps/chunk-G7S6KQDI.js?v=7e14fcc2:22:37)
    at listen (http://localhost:1420/node_modules/.vite/deps/@tauri-apps_api_event.js?v=7e14fcc2:40:14)
    at onStatus (http://localhost:1420/src/lib/events.ts:6:10)
    at Object.init (http://localhost:1420/src/lib/recording.svelte.ts?t=1783271244410:160:3)
    at http://localhost:1420/src/routes/+layout.svelte?t=1783271541297:18:13
    at untrack (http://localhost:1420/node_modules/.vite/deps/chunk-USXNSDCW.js?v=7e14fcc2:4510:12)
    at $effect (http://localhost:1420/node_modules/.vite/deps/chunk-MRXB2PTD.js?v=7e14fcc2:4289:23)
    at update_reaction (http://localhost:1420/node_modules/.vite/deps/chunk-USXNSDCW.js?v=7e14fcc2:4192:18)
    at update_effect (http://localhost:1420/node_modules/.vite/deps/chunk-USXNSDCW.js?v=7e14fcc2:4333:21)
    at flush_queued_effects (http://localhost:1420/node_modules/.vite/deps/chunk-USXNSDCW.js?v=7e14fcc2:3312:7)
[      39ms] TypeError: Cannot read properties of undefined (reading 'transformCallback')
    at transformCallback (http://localhost:1420/node_modules/.vite/deps/chunk-G7S6KQDI.js?v=7e14fcc2:22:37)
    at listen (http://localhost:1420/node_modules/.vite/deps/@tauri-apps_api_event.js?v=7e14fcc2:40:14)
    at onLevel (http://localhost:1420/src/lib/events.ts:18:10)
    at Object.init (http://localhost:1420/src/lib/recording.svelte.ts?t=1783271244410:218:3)
    at http://localhost:1420/src/routes/+layout.svelte?t=1783271541297:18:13
    at untrack (http://localhost:1420/node_modules/.vite/deps/chunk-USXNSDCW.js?v=7e14fcc2:4510:12)
    at $effect (http://localhost:1420/node_modules/.vite/deps/chunk-MRXB2PTD.js?v=7e14fcc2:4289:23)
    at update_reaction (http://localhost:1420/node_modules/.vite/deps/chunk-USXNSDCW.js?v=7e14fcc2:4192:18)
    at update_effect (http://localhost:1420/node_modules/.vite/deps/chunk-USXNSDCW.js?v=7e14fcc2:4333:21)
    at flush_queued_effects (http://localhost:1420/node_modules/.vite/deps/chunk-USXNSDCW.js?v=7e14fcc2:3312:7)
[      39ms] TypeError: Cannot read properties of undefined (reading 'transformCallback')
    at transformCallback (http://localhost:1420/node_modules/.vite/deps/chunk-G7S6KQDI.js?v=7e14fcc2:22:37)
    at listen (http://localhost:1420/node_modules/.vite/deps/@tauri-apps_api_event.js?v=7e14fcc2:40:14)
    at onStorage (http://localhost:1420/src/lib/events.ts:12:10)
    at Object.init (http://localhost:1420/src/lib/recording.svelte.ts?t=1783271244410:229:3)
    at http://localhost:1420/src/routes/+layout.svelte?t=1783271541297:18:13
    at untrack (http://localhost:1420/node_modules/.vite/deps/chunk-USXNSDCW.js?v=7e14fcc2:4510:12)
    at $effect (http://localhost:1420/node_modules/.vite/deps/chunk-MRXB2PTD.js?v=7e14fcc2:4289:23)
    at update_reaction (http://localhost:1420/node_modules/.vite/deps/chunk-USXNSDCW.js?v=7e14fcc2:4192:18)
    at update_effect (http://localhost:1420/node_modules/.vite/deps/chunk-USXNSDCW.js?v=7e14fcc2:4333:21)
    at flush_queued_effects (http://localhost:1420/node_modules/.vite/deps/chunk-USXNSDCW.js?v=7e14fcc2:3312:7)
[      39ms] TypeError: Cannot read properties of undefined (reading 'transformCallback')
    at transformCallback (http://localhost:1420/node_modules/.vite/deps/chunk-G7S6KQDI.js?v=7e14fcc2:22:37)
    at listen (http://localhost:1420/node_modules/.vite/deps/@tauri-apps_api_event.js?v=7e14fcc2:40:14)
    at onSpeakers (http://localhost:1420/src/lib/events.ts:15:10)
    at Object.init (http://localhost:1420/src/lib/recording.svelte.ts?t=1783271244410:233:3)
    at http://localhost:1420/src/routes/+layout.svelte?t=1783271541297:18:13
    at untrack (http://localhost:1420/node_modules/.vite/deps/chunk-USXNSDCW.js?v=7e14fcc2:4510:12)
    at $effect (http://localhost:1420/node_modules/.vite/deps/chunk-MRXB2PTD.js?v=7e14fcc2:4289:23)
    at update_reaction (http://localhost:1420/node_modules/.vite/deps/chunk-USXNSDCW.js?v=7e14fcc2:4192:18)
    at update_effect (http://localhost:1420/node_modules/.vite/deps/chunk-USXNSDCW.js?v=7e14fcc2:4333:21)
    at flush_queued_effects (http://localhost:1420/node_modules/.vite/deps/chunk-USXNSDCW.js?v=7e14fcc2:3312:7)
[      39ms] TypeError: Cannot read properties of undefined (reading 'invoke')
    at invoke (http://localhost:1420/node_modules/.vite/deps/chunk-G7S6KQDI.js?v=7e14fcc2:109:37)
    at Object.init (http://localhost:1420/src/lib/recording.svelte.ts?t=1783271244410:243:44)
    at http://localhost:1420/src/routes/+layout.svelte?t=1783271541297:18:13
    at untrack (http://localhost:1420/node_modules/.vite/deps/chunk-USXNSDCW.js?v=7e14fcc2:4510:12)
    at $effect (http://localhost:1420/node_modules/.vite/deps/chunk-MRXB2PTD.js?v=7e14fcc2:4289:23)
    at update_reaction (http://localhost:1420/node_modules/.vite/deps/chunk-USXNSDCW.js?v=7e14fcc2:4192:18)
    at update_effect (http://localhost:1420/node_modules/.vite/deps/chunk-USXNSDCW.js?v=7e14fcc2:4333:21)
    at flush_queued_effects (http://localhost:1420/node_modules/.vite/deps/chunk-USXNSDCW.js?v=7e14fcc2:3312:7)
    at _Batch.process_fn (http://localhost:1420/node_modules/.vite/deps/chunk-USXNSDCW.js?v=7e14fcc2:3004:3)
    at _Batch.flush (http://localhost:1420/node_modules/.vite/deps/chunk-USXNSDCW.js?v=7e14fcc2:2734:59)
[   34475ms] TypeError: Cannot read properties of undefined (reading 'transformCallback')
    at transformCallback (http://localhost:1420/node_modules/.vite/deps/chunk-G7S6KQDI.js?v=7e14fcc2:22:37)
    at listen (http://localhost:1420/node_modules/.vite/deps/@tauri-apps_api_event.js?v=7e14fcc2:40:14)
    at onPartial (http://localhost:1420/src/lib/events.ts:3:10)
    at Object.init (http://localhost:1420/src/lib/recording.svelte.ts?t=1783271244410:143:3)
    at http://localhost:1420/src/routes/+layout.svelte?t=1783271541297:18:13
    at untrack (http://localhost:1420/node_modules/.vite/deps/chunk-USXNSDCW.js?v=7e14fcc2:4510:12)
    at $effect (http://localhost:1420/node_modules/.vite/deps/chunk-MRXB2PTD.js?v=7e14fcc2:4289:23)
    at update_reaction (http://localhost:1420/node_modules/.vite/deps/chunk-USXNSDCW.js?v=7e14fcc2:4192:18)
    at update_effect (http://localhost:1420/node_modules/.vite/deps/chunk-USXNSDCW.js?v=7e14fcc2:4333:21)
    at flush_queued_effects (http://localhost:1420/node_modules/.vite/deps/chunk-USXNSDCW.js?v=7e14fcc2:3312:7)
[   34476ms] TypeError: Cannot read properties of undefined (reading 'transformCallback')
    at transformCallback (http://localhost:1420/node_modules/.vite/deps/chunk-G7S6KQDI.js?v=7e14fcc2:22:37)
    at listen (http://localhost:1420/node_modules/.vite/deps/@tauri-apps_api_event.js?v=7e14fcc2:40:14)
    at onFinal (http://localhost:1420/src/lib/events.ts:9:10)
    at Object.init (http://localhost:1420/src/lib/recording.svelte.ts?t=1783271244410:147:3)
    at http://localhost:1420/src/routes/+layout.svelte?t=1783271541297:18:13
    at untrack (http://localhost:1420/node_modules/.vite/deps/chunk-USXNSDCW.js?v=7e14fcc2:4510:12)
    at $effect (http://localhost:1420/node_modules/.vite/deps/chunk-MRXB2PTD.js?v=7e14fcc2:4289:23)
    at update_reaction (http://localhost:1420/node_modules/.vite/deps/chunk-USXNSDCW.js?v=7e14fcc2:4192:18)
    at update_effect (http://localhost:1420/node_modules/.vite/deps/chunk-USXNSDCW.js?v=7e14fcc2:4333:21)
    at flush_queued_effects (http://localhost:1420/node_modules/.vite/deps/chunk-USXNSDCW.js?v=7e14fcc2:3312:7)
[   34476ms] TypeError: Cannot read properties of undefined (reading 'transformCallback')
    at transformCallback (http://localhost:1420/node_modules/.vite/deps/chunk-G7S6KQDI.js?v=7e14fcc2:22:37)
    at listen (http://localhost:1420/node_modules/.vite/deps/@tauri-apps_api_event.js?v=7e14fcc2:40:14)
    at onStatus (http://localhost:1420/src/lib/events.ts:6:10)
    at Object.init (http://localhost:1420/src/lib/recording.svelte.ts?t=1783271244410:160:3)
    at http://localhost:1420/src/routes/+layout.svelte?t=1783271541297:18:13
    at untrack (http://localhost:1420/node_modules/.vite/deps/chunk-USXNSDCW.js?v=7e14fcc2:4510:12)
    at $effect (http://localhost:1420/node_modules/.vite/deps/chunk-MRXB2PTD.js?v=7e14fcc2:4289:23)
    at update_reaction (http://localhost:1420/node_modules/.vite/deps/chunk-USXNSDCW.js?v=7e14fcc2:4192:18)
    at update_effect (http://localhost:1420/node_modules/.vite/deps/chunk-USXNSDCW.js?v=7e14fcc2:4333:21)
    at flush_queued_effects (http://localhost:1420/node_modules/.vite/deps/chunk-USXNSDCW.js?v=7e14fcc2:3312:7)
[   34476ms] TypeError: Cannot read properties of undefined (reading 'transformCallback')
    at transformCallback (http://localhost:1420/node_modules/.vite/deps/chunk-G7S6KQDI.js?v=7e14fcc2:22:37)
    at listen (http://localhost:1420/node_modules/.vite/deps/@tauri-apps_api_event.js?v=7e14fcc2:40:14)
    at onLevel (http://localhost:1420/src/lib/events.ts:18:10)
    at Object.init (http://localhost:1420/src/lib/recording.svelte.ts?t=1783271244410:218:3)
    at http://localhost:1420/src/routes/+layout.svelte?t=1783271541297:18:13
    at untrack (http://localhost:1420/node_modules/.vite/deps/chunk-USXNSDCW.js?v=7e14fcc2:4510:12)
    at $effect (http://localhost:1420/node_modules/.vite/deps/chunk-MRXB2PTD.js?v=7e14fcc2:4289:23)
    at update_reaction (http://localhost:1420/node_modules/.vite/deps/chunk-USXNSDCW.js?v=7e14fcc2:4192:18)
    at update_effect (http://localhost:1420/node_modules/.vite/deps/chunk-USXNSDCW.js?v=7e14fcc2:4333:21)
    at flush_queued_effects (http://localhost:1420/node_modules/.vite/deps/chunk-USXNSDCW.js?v=7e14fcc2:3312:7)
[   34476ms] TypeError: Cannot read properties of undefined (reading 'transformCallback')
    at transformCallback (http://localhost:1420/node_modules/.vite/deps/chunk-G7S6KQDI.js?v=7e14fcc2:22:37)
    at listen (http://localhost:1420/node_modules/.vite/deps/@tauri-apps_api_event.js?v=7e14fcc2:40:14)
    at onStorage (http://localhost:1420/src/lib/events.ts:12:10)
    at Object.init (http://localhost:1420/src/lib/recording.svelte.ts?t=1783271244410:229:3)
    at http://localhost:1420/src/routes/+layout.svelte?t=1783271541297:18:13
    at untrack (http://localhost:1420/node_modules/.vite/deps/chunk-USXNSDCW.js?v=7e14fcc2:4510:12)
    at $effect (http://localhost:1420/node_modules/.vite/deps/chunk-MRXB2PTD.js?v=7e14fcc2:4289:23)
    at update_reaction (http://localhost:1420/node_modules/.vite/deps/chunk-USXNSDCW.js?v=7e14fcc2:4192:18)
    at update_effect (http://localhost:1420/node_modules/.vite/deps/chunk-USXNSDCW.js?v=7e14fcc2:4333:21)
    at flush_queued_effects (http://localhost:1420/node_modules/.vite/deps/chunk-USXNSDCW.js?v=7e14fcc2:3312:7)
[   34476ms] TypeError: Cannot read properties of undefined (reading 'transformCallback')
    at transformCallback (http://localhost:1420/node_modules/.vite/deps/chunk-G7S6KQDI.js?v=7e14fcc2:22:37)
    at listen (http://localhost:1420/node_modules/.vite/deps/@tauri-apps_api_event.js?v=7e14fcc2:40:14)
    at onSpeakers (http://localhost:1420/src/lib/events.ts:15:10)
    at Object.init (http://localhost:1420/src/lib/recording.svelte.ts?t=1783271244410:233:3)
    at http://localhost:1420/src/routes/+layout.svelte?t=1783271541297:18:13
    at untrack (http://localhost:1420/node_modules/.vite/deps/chunk-USXNSDCW.js?v=7e14fcc2:4510:12)
    at $effect (http://localhost:1420/node_modules/.vite/deps/chunk-MRXB2PTD.js?v=7e14fcc2:4289:23)
    at update_reaction (http://localhost:1420/node_modules/.vite/deps/chunk-USXNSDCW.js?v=7e14fcc2:4192:18)
    at update_effect (http://localhost:1420/node_modules/.vite/deps/chunk-USXNSDCW.js?v=7e14fcc2:4333:21)
    at flush_queued_effects (http://localhost:1420/node_modules/.vite/deps/chunk-USXNSDCW.js?v=7e14fcc2:3312:7)
[   34476ms] TypeError: Cannot read properties of undefined (reading 'invoke')
    at invoke (http://localhost:1420/node_modules/.vite/deps/chunk-G7S6KQDI.js?v=7e14fcc2:109:37)
    at Object.init (http://localhost:1420/src/lib/recording.svelte.ts?t=1783271244410:243:44)
    at http://localhost:1420/src/routes/+layout.svelte?t=1783271541297:18:13
    at untrack (http://localhost:1420/node_modules/.vite/deps/chunk-USXNSDCW.js?v=7e14fcc2:4510:12)
    at $effect (http://localhost:1420/node_modules/.vite/deps/chunk-MRXB2PTD.js?v=7e14fcc2:4289:23)
    at update_reaction (http://localhost:1420/node_modules/.vite/deps/chunk-USXNSDCW.js?v=7e14fcc2:4192:18)
    at update_effect (http://localhost:1420/node_modules/.vite/deps/chunk-USXNSDCW.js?v=7e14fcc2:4333:21)
    at flush_queued_effects (http://localhost:1420/node_modules/.vite/deps/chunk-USXNSDCW.js?v=7e14fcc2:3312:7)
    at _Batch.process_fn (http://localhost:1420/node_modules/.vite/deps/chunk-USXNSDCW.js?v=7e14fcc2:3004:3)
    at _Batch.flush (http://localhost:1420/node_modules/.vite/deps/chunk-USXNSDCW.js?v=7e14fcc2:2734:59)
[   35374ms] TypeError: Cannot read properties of undefined (reading 'transformCallback')
    at transformCallback (http://localhost:1420/node_modules/.vite/deps/chunk-G7S6KQDI.js?v=7e14fcc2:22:37)
    at listen (http://localhost:1420/node_modules/.vite/deps/@tauri-apps_api_event.js?v=7e14fcc2:40:14)
    at onPartial (http://localhost:1420/src/lib/events.ts:3:10)
    at Object.init (http://localhost:1420/src/lib/recording.svelte.ts?t=1783271244410:143:3)
    at http://localhost:1420/src/routes/+layout.svelte?t=1783271541297:18:13
    at untrack (http://localhost:1420/node_modules/.vite/deps/chunk-USXNSDCW.js?v=7e14fcc2:4510:12)
    at $effect (http://localhost:1420/node_modules/.vite/deps/chunk-MRXB2PTD.js?v=7e14fcc2:4289:23)
    at update_reaction (http://localhost:1420/node_modules/.vite/deps/chunk-USXNSDCW.js?v=7e14fcc2:4192:18)
    at update_effect (http://localhost:1420/node_modules/.vite/deps/chunk-USXNSDCW.js?v=7e14fcc2:4333:21)
    at flush_queued_effects (http://localhost:1420/node_modules/.vite/deps/chunk-USXNSDCW.js?v=7e14fcc2:3312:7)
[   35374ms] TypeError: Cannot read properties of undefined (reading 'transformCallback')
    at transformCallback (http://localhost:1420/node_modules/.vite/deps/chunk-G7S6KQDI.js?v=7e14fcc2:22:37)
    at listen (http://localhost:1420/node_modules/.vite/deps/@tauri-apps_api_event.js?v=7e14fcc2:40:14)
    at onFinal (http://localhost:1420/src/lib/events.ts:9:10)
    at Object.init (http://localhost:1420/src/lib/recording.svelte.ts?t=1783271244410:147:3)
    at http://localhost:1420/src/routes/+layout.svelte?t=1783271541297:18:13
    at untrack (http://localhost:1420/node_modules/.vite/deps/chunk-USXNSDCW.js?v=7e14fcc2:4510:12)
    at $effect (http://localhost:1420/node_modules/.vite/deps/chunk-MRXB2PTD.js?v=7e14fcc2:4289:23)
    at update_reaction (http://localhost:1420/node_modules/.vite/deps/chunk-USXNSDCW.js?v=7e14fcc2:4192:18)
    at update_effect (http://localhost:1420/node_modules/.vite/deps/chunk-USXNSDCW.js?v=7e14fcc2:4333:21)
    at flush_queued_effects (http://localhost:1420/node_modules/.vite/deps/chunk-USXNSDCW.js?v=7e14fcc2:3312:7)
[   35374ms] TypeError: Cannot read properties of undefined (reading 'transformCallback')
    at transformCallback (http://localhost:1420/node_modules/.vite/deps/chunk-G7S6KQDI.js?v=7e14fcc2:22:37)
    at listen (http://localhost:1420/node_modules/.vite/deps/@tauri-apps_api_event.js?v=7e14fcc2:40:14)
    at onStatus (http://localhost:1420/src/lib/events.ts:6:10)
    at Object.init (http://localhost:1420/src/lib/recording.svelte.ts?t=1783271244410:160:3)
    at http://localhost:1420/src/routes/+layout.svelte?t=1783271541297:18:13
    at untrack (http://localhost:1420/node_modules/.vite/deps/chunk-USXNSDCW.js?v=7e14fcc2:4510:12)
    at $effect (http://localhost:1420/node_modules/.vite/deps/chunk-MRXB2PTD.js?v=7e14fcc2:4289:23)
    at update_reaction (http://localhost:1420/node_modules/.vite/deps/chunk-USXNSDCW.js?v=7e14fcc2:4192:18)
    at update_effect (http://localhost:1420/node_modules/.vite/deps/chunk-USXNSDCW.js?v=7e14fcc2:4333:21)
    at flush_queued_effects (http://localhost:1420/node_modules/.vite/deps/chunk-USXNSDCW.js?v=7e14fcc2:3312:7)
[   35375ms] TypeError: Cannot read properties of undefined (reading 'transformCallback')
    at transformCallback (http://localhost:1420/node_modules/.vite/deps/chunk-G7S6KQDI.js?v=7e14fcc2:22:37)
    at listen (http://localhost:1420/node_modules/.vite/deps/@tauri-apps_api_event.js?v=7e14fcc2:40:14)
    at onLevel (http://localhost:1420/src/lib/events.ts:18:10)
    at Object.init (http://localhost:1420/src/lib/recording.svelte.ts?t=1783271244410:218:3)
    at http://localhost:1420/src/routes/+layout.svelte?t=1783271541297:18:13
    at untrack (http://localhost:1420/node_modules/.vite/deps/chunk-USXNSDCW.js?v=7e14fcc2:4510:12)
    at $effect (http://localhost:1420/node_modules/.vite/deps/chunk-MRXB2PTD.js?v=7e14fcc2:4289:23)
    at update_reaction (http://localhost:1420/node_modules/.vite/deps/chunk-USXNSDCW.js?v=7e14fcc2:4192:18)
    at update_effect (http://localhost:1420/node_modules/.vite/deps/chunk-USXNSDCW.js?v=7e14fcc2:4333:21)
    at flush_queued_effects (http://localhost:1420/node_modules/.vite/deps/chunk-USXNSDCW.js?v=7e14fcc2:3312:7)
[   35375ms] TypeError: Cannot read properties of undefined (reading 'transformCallback')
    at transformCallback (http://localhost:1420/node_modules/.vite/deps/chunk-G7S6KQDI.js?v=7e14fcc2:22:37)
    at listen (http://localhost:1420/node_modules/.vite/deps/@tauri-apps_api_event.js?v=7e14fcc2:40:14)
    at onStorage (http://localhost:1420/src/lib/events.ts:12:10)
    at Object.init (http://localhost:1420/src/lib/recording.svelte.ts?t=1783271244410:229:3)
    at http://localhost:1420/src/routes/+layout.svelte?t=1783271541297:18:13
    at untrack (http://localhost:1420/node_modules/.vite/deps/chunk-USXNSDCW.js?v=7e14fcc2:4510:12)
    at $effect (http://localhost:1420/node_modules/.vite/deps/chunk-MRXB2PTD.js?v=7e14fcc2:4289:23)
    at update_reaction (http://localhost:1420/node_modules/.vite/deps/chunk-USXNSDCW.js?v=7e14fcc2:4192:18)
    at update_effect (http://localhost:1420/node_modules/.vite/deps/chunk-USXNSDCW.js?v=7e14fcc2:4333:21)
    at flush_queued_effects (http://localhost:1420/node_modules/.vite/deps/chunk-USXNSDCW.js?v=7e14fcc2:3312:7)
[   35375ms] TypeError: Cannot read properties of undefined (reading 'transformCallback')
    at transformCallback (http://localhost:1420/node_modules/.vite/deps/chunk-G7S6KQDI.js?v=7e14fcc2:22:37)
    at listen (http://localhost:1420/node_modules/.vite/deps/@tauri-apps_api_event.js?v=7e14fcc2:40:14)
    at onSpeakers (http://localhost:1420/src/lib/events.ts:15:10)
    at Object.init (http://localhost:1420/src/lib/recording.svelte.ts?t=1783271244410:233:3)
    at http://localhost:1420/src/routes/+layout.svelte?t=1783271541297:18:13
    at untrack (http://localhost:1420/node_modules/.vite/deps/chunk-USXNSDCW.js?v=7e14fcc2:4510:12)
    at $effect (http://localhost:1420/node_modules/.vite/deps/chunk-MRXB2PTD.js?v=7e14fcc2:4289:23)
    at update_reaction (http://localhost:1420/node_modules/.vite/deps/chunk-USXNSDCW.js?v=7e14fcc2:4192:18)
    at update_effect (http://localhost:1420/node_modules/.vite/deps/chunk-USXNSDCW.js?v=7e14fcc2:4333:21)
    at flush_queued_effects (http://localhost:1420/node_modules/.vite/deps/chunk-USXNSDCW.js?v=7e14fcc2:3312:7)
[   35375ms] TypeError: Cannot read properties of undefined (reading 'invoke')
    at invoke (http://localhost:1420/node_modules/.vite/deps/chunk-G7S6KQDI.js?v=7e14fcc2:109:37)
    at Object.init (http://localhost:1420/src/lib/recording.svelte.ts?t=1783271244410:243:44)
    at http://localhost:1420/src/routes/+layout.svelte?t=1783271541297:18:13
    at untrack (http://localhost:1420/node_modules/.vite/deps/chunk-USXNSDCW.js?v=7e14fcc2:4510:12)
    at $effect (http://localhost:1420/node_modules/.vite/deps/chunk-MRXB2PTD.js?v=7e14fcc2:4289:23)
    at update_reaction (http://localhost:1420/node_modules/.vite/deps/chunk-USXNSDCW.js?v=7e14fcc2:4192:18)
    at update_effect (http://localhost:1420/node_modules/.vite/deps/chunk-USXNSDCW.js?v=7e14fcc2:4333:21)
    at flush_queued_effects (http://localhost:1420/node_modules/.vite/deps/chunk-USXNSDCW.js?v=7e14fcc2:3312:7)
    at _Batch.process_fn (http://localhost:1420/node_modules/.vite/deps/chunk-USXNSDCW.js?v=7e14fcc2:3004:3)
    at _Batch.flush (http://localhost:1420/node_modules/.vite/deps/chunk-USXNSDCW.js?v=7e14fcc2:2734:59)
[   36091ms] TypeError: Cannot read properties of undefined (reading 'transformCallback')
    at transformCallback (http://localhost:1420/node_modules/.vite/deps/chunk-G7S6KQDI.js?v=7e14fcc2:22:37)
    at listen (http://localhost:1420/node_modules/.vite/deps/@tauri-apps_api_event.js?v=7e14fcc2:40:14)
    at onPartial (http://localhost:1420/src/lib/events.ts:3:10)
    at Object.init (http://localhost:1420/src/lib/recording.svelte.ts?t=1783271244410:143:3)
    at http://localhost:1420/src/routes/+layout.svelte?t=1783271541297:18:13
    at untrack (http://localhost:1420/node_modules/.vite/deps/chunk-USXNSDCW.js?v=7e14fcc2:4510:12)
    at $effect (http://localhost:1420/node_modules/.vite/deps/chunk-MRXB2PTD.js?v=7e14fcc2:4289:23)
    at update_reaction (http://localhost:1420/node_modules/.vite/deps/chunk-USXNSDCW.js?v=7e14fcc2:4192:18)
    at update_effect (http://localhost:1420/node_modules/.vite/deps/chunk-USXNSDCW.js?v=7e14fcc2:4333:21)
    at flush_queued_effects (http://localhost:1420/node_modules/.vite/deps/chunk-USXNSDCW.js?v=7e14fcc2:3312:7)
[   36091ms] TypeError: Cannot read properties of undefined (reading 'transformCallback')
    at transformCallback (http://localhost:1420/node_modules/.vite/deps/chunk-G7S6KQDI.js?v=7e14fcc2:22:37)
    at listen (http://localhost:1420/node_modules/.vite/deps/@tauri-apps_api_event.js?v=7e14fcc2:40:14)
    at onFinal (http://localhost:1420/src/lib/events.ts:9:10)
    at Object.init (http://localhost:1420/src/lib/recording.svelte.ts?t=1783271244410:147:3)
    at http://localhost:1420/src/routes/+layout.svelte?t=1783271541297:18:13
    at untrack (http://localhost:1420/node_modules/.vite/deps/chunk-USXNSDCW.js?v=7e14fcc2:4510:12)
    at $effect (http://localhost:1420/node_modules/.vite/deps/chunk-MRXB2PTD.js?v=7e14fcc2:4289:23)
    at update_reaction (http://localhost:1420/node_modules/.vite/deps/chunk-USXNSDCW.js?v=7e14fcc2:4192:18)
    at update_effect (http://localhost:1420/node_modules/.vite/deps/chunk-USXNSDCW.js?v=7e14fcc2:4333:21)
    at flush_queued_effects (http://localhost:1420/node_modules/.vite/deps/chunk-USXNSDCW.js?v=7e14fcc2:3312:7)
[   36091ms] TypeError: Cannot read properties of undefined (reading 'transformCallback')
    at transformCallback (http://localhost:1420/node_modules/.vite/deps/chunk-G7S6KQDI.js?v=7e14fcc2:22:37)
    at listen (http://localhost:1420/node_modules/.vite/deps/@tauri-apps_api_event.js?v=7e14fcc2:40:14)
    at onStatus (http://localhost:1420/src/lib/events.ts:6:10)
    at Object.init (http://localhost:1420/src/lib/recording.svelte.ts?t=1783271244410:160:3)
    at http://localhost:1420/src/routes/+layout.svelte?t=1783271541297:18:13
    at untrack (http://localhost:1420/node_modules/.vite/deps/chunk-USXNSDCW.js?v=7e14fcc2:4510:12)
    at $effect (http://localhost:1420/node_modules/.vite/deps/chunk-MRXB2PTD.js?v=7e14fcc2:4289:23)
    at update_reaction (http://localhost:1420/node_modules/.vite/deps/chunk-USXNSDCW.js?v=7e14fcc2:4192:18)
    at update_effect (http://localhost:1420/node_modules/.vite/deps/chunk-USXNSDCW.js?v=7e14fcc2:4333:21)
    at flush_queued_effects (http://localhost:1420/node_modules/.vite/deps/chunk-USXNSDCW.js?v=7e14fcc2:3312:7)
[   36091ms] TypeError: Cannot read properties of undefined (reading 'transformCallback')
    at transformCallback (http://localhost:1420/node_modules/.vite/deps/chunk-G7S6KQDI.js?v=7e14fcc2:22:37)
    at listen (http://localhost:1420/node_modules/.vite/deps/@tauri-apps_api_event.js?v=7e14fcc2:40:14)
    at onLevel (http://localhost:1420/src/lib/events.ts:18:10)
    at Object.init (http://localhost:1420/src/lib/recording.svelte.ts?t=1783271244410:218:3)
    at http://localhost:1420/src/routes/+layout.svelte?t=1783271541297:18:13
    at untrack (http://localhost:1420/node_modules/.vite/deps/chunk-USXNSDCW.js?v=7e14fcc2:4510:12)
    at $effect (http://localhost:1420/node_modules/.vite/deps/chunk-MRXB2PTD.js?v=7e14fcc2:4289:23)
    at update_reaction (http://localhost:1420/node_modules/.vite/deps/chunk-USXNSDCW.js?v=7e14fcc2:4192:18)
    at update_effect (http://localhost:1420/node_modules/.vite/deps/chunk-USXNSDCW.js?v=7e14fcc2:4333:21)
    at flush_queued_effects (http://localhost:1420/node_modules/.vite/deps/chunk-USXNSDCW.js?v=7e14fcc2:3312:7)
[   36091ms] TypeError: Cannot read properties of undefined (reading 'transformCallback')
    at transformCallback (http://localhost:1420/node_modules/.vite/deps/chunk-G7S6KQDI.js?v=7e14fcc2:22:37)
    at listen (http://localhost:1420/node_modules/.vite/deps/@tauri-apps_api_event.js?v=7e14fcc2:40:14)
    at onStorage (http://localhost:1420/src/lib/events.ts:12:10)
    at Object.init (http://localhost:1420/src/lib/recording.svelte.ts?t=1783271244410:229:3)
    at http://localhost:1420/src/routes/+layout.svelte?t=1783271541297:18:13
    at untrack (http://localhost:1420/node_modules/.vite/deps/chunk-USXNSDCW.js?v=7e14fcc2:4510:12)
    at $effect (http://localhost:1420/node_modules/.vite/deps/chunk-MRXB2PTD.js?v=7e14fcc2:4289:23)
    at update_reaction (http://localhost:1420/node_modules/.vite/deps/chunk-USXNSDCW.js?v=7e14fcc2:4192:18)
    at update_effect (http://localhost:1420/node_modules/.vite/deps/chunk-USXNSDCW.js?v=7e14fcc2:4333:21)
    at flush_queued_effects (http://localhost:1420/node_modules/.vite/deps/chunk-USXNSDCW.js?v=7e14fcc2:3312:7)
[   36091ms] TypeError: Cannot read properties of undefined (reading 'transformCallback')
    at transformCallback (http://localhost:1420/node_modules/.vite/deps/chunk-G7S6KQDI.js?v=7e14fcc2:22:37)
    at listen (http://localhost:1420/node_modules/.vite/deps/@tauri-apps_api_event.js?v=7e14fcc2:40:14)
    at onSpeakers (http://localhost:1420/src/lib/events.ts:15:10)
    at Object.init (http://localhost:1420/src/lib/recording.svelte.ts?t=1783271244410:233:3)
    at http://localhost:1420/src/routes/+layout.svelte?t=1783271541297:18:13
    at untrack (http://localhost:1420/node_modules/.vite/deps/chunk-USXNSDCW.js?v=7e14fcc2:4510:12)
    at $effect (http://localhost:1420/node_modules/.vite/deps/chunk-MRXB2PTD.js?v=7e14fcc2:4289:23)
    at update_reaction (http://localhost:1420/node_modules/.vite/deps/chunk-USXNSDCW.js?v=7e14fcc2:4192:18)
    at update_effect (http://localhost:1420/node_modules/.vite/deps/chunk-USXNSDCW.js?v=7e14fcc2:4333:21)
    at flush_queued_effects (http://localhost:1420/node_modules/.vite/deps/chunk-USXNSDCW.js?v=7e14fcc2:3312:7)
[   36091ms] TypeError: Cannot read properties of undefined (reading 'invoke')
    at invoke (http://localhost:1420/node_modules/.vite/deps/chunk-G7S6KQDI.js?v=7e14fcc2:109:37)
    at Object.init (http://localhost:1420/src/lib/recording.svelte.ts?t=1783271244410:243:44)
    at http://localhost:1420/src/routes/+layout.svelte?t=1783271541297:18:13
    at untrack (http://localhost:1420/node_modules/.vite/deps/chunk-USXNSDCW.js?v=7e14fcc2:4510:12)
    at $effect (http://localhost:1420/node_modules/.vite/deps/chunk-MRXB2PTD.js?v=7e14fcc2:4289:23)
    at update_reaction (http://localhost:1420/node_modules/.vite/deps/chunk-USXNSDCW.js?v=7e14fcc2:4192:18)
    at update_effect (http://localhost:1420/node_modules/.vite/deps/chunk-USXNSDCW.js?v=7e14fcc2:4333:21)
    at flush_queued_effects (http://localhost:1420/node_modules/.vite/deps/chunk-USXNSDCW.js?v=7e14fcc2:3312:7)
    at _Batch.process_fn (http://localhost:1420/node_modules/.vite/deps/chunk-USXNSDCW.js?v=7e14fcc2:3004:3)
    at _Batch.flush (http://localhost:1420/node_modules/.vite/deps/chunk-USXNSDCW.js?v=7e14fcc2:2734:59)
[  322854ms] ReferenceError: peopleUnnamed is not defined

	in <unknown>
	in Sidebar.svelte
	in +layout.svelte
	in root.svelte
	in undefined

    at http://localhost:1420/src/lib/Sidebar.svelte?t=1783271905090:292:7
    at http://localhost:1420/node_modules/.vite/deps/chunk-MRXB2PTD.js?v=7e14fcc2:813:5
    at update_reaction (http://localhost:1420/node_modules/.vite/deps/chunk-USXNSDCW.js?v=7e14fcc2:4192:18)
    at update_effect (http://localhost:1420/node_modules/.vite/deps/chunk-USXNSDCW.js?v=7e14fcc2:4333:21)
    at create_effect (http://localhost:1420/node_modules/.vite/deps/chunk-USXNSDCW.js?v=7e14fcc2:3681:7)
    at block (http://localhost:1420/node_modules/.vite/deps/chunk-USXNSDCW.js?v=7e14fcc2:3843:17)
    at Module.if_block (http://localhost:1420/node_modules/.vite/deps/chunk-MRXB2PTD.js?v=7e14fcc2:811:3)
    at http://localhost:1420/src/lib/Sidebar.svelte?t=1783271905090:291:16
    at Module.add_svelte_meta (http://localhost:1420/node_modules/.vite/deps/chunk-USXNSDCW.js?v=7e14fcc2:609:12)
    at consequent_4 (http://localhost:1420/src/lib/Sidebar.svelte?t=1783271905090:290:7)
[  442590ms] TypeError: Cannot read properties of undefined (reading 'transformCallback')
    at transformCallback (http://localhost:1420/node_modules/.vite/deps/chunk-G7S6KQDI.js?v=7e14fcc2:22:37)
    at listen (http://localhost:1420/node_modules/.vite/deps/@tauri-apps_api_event.js?v=7e14fcc2:40:14)
    at onPartial (http://localhost:1420/src/lib/events.ts:3:10)
    at Object.init (http://localhost:1420/src/lib/recording.svelte.ts?t=1783271244410:143:3)
    at http://localhost:1420/src/routes/+layout.svelte?t=1783271949587:18:13
    at untrack (http://localhost:1420/node_modules/.vite/deps/chunk-USXNSDCW.js?v=7e14fcc2:4510:12)
    at $effect (http://localhost:1420/node_modules/.vite/deps/chunk-MRXB2PTD.js?v=7e14fcc2:4289:23)
    at update_reaction (http://localhost:1420/node_modules/.vite/deps/chunk-USXNSDCW.js?v=7e14fcc2:4192:18)
    at update_effect (http://localhost:1420/node_modules/.vite/deps/chunk-USXNSDCW.js?v=7e14fcc2:4333:21)
    at flush_queued_effects (http://localhost:1420/node_modules/.vite/deps/chunk-USXNSDCW.js?v=7e14fcc2:3312:7)
[  442590ms] TypeError: Cannot read properties of undefined (reading 'transformCallback')
    at transformCallback (http://localhost:1420/node_modules/.vite/deps/chunk-G7S6KQDI.js?v=7e14fcc2:22:37)
    at listen (http://localhost:1420/node_modules/.vite/deps/@tauri-apps_api_event.js?v=7e14fcc2:40:14)
    at onFinal (http://localhost:1420/src/lib/events.ts:9:10)
    at Object.init (http://localhost:1420/src/lib/recording.svelte.ts?t=1783271244410:147:3)
    at http://localhost:1420/src/routes/+layout.svelte?t=1783271949587:18:13
    at untrack (http://localhost:1420/node_modules/.vite/deps/chunk-USXNSDCW.js?v=7e14fcc2:4510:12)
    at $effect (http://localhost:1420/node_modules/.vite/deps/chunk-MRXB2PTD.js?v=7e14fcc2:4289:23)
    at update_reaction (http://localhost:1420/node_modules/.vite/deps/chunk-USXNSDCW.js?v=7e14fcc2:4192:18)
    at update_effect (http://localhost:1420/node_modules/.vite/deps/chunk-USXNSDCW.js?v=7e14fcc2:4333:21)
    at flush_queued_effects (http://localhost:1420/node_modules/.vite/deps/chunk-USXNSDCW.js?v=7e14fcc2:3312:7)
[  442590ms] TypeError: Cannot read properties of undefined (reading 'transformCallback')
    at transformCallback (http://localhost:1420/node_modules/.vite/deps/chunk-G7S6KQDI.js?v=7e14fcc2:22:37)
    at listen (http://localhost:1420/node_modules/.vite/deps/@tauri-apps_api_event.js?v=7e14fcc2:40:14)
    at onStatus (http://localhost:1420/src/lib/events.ts:6:10)
    at Object.init (http://localhost:1420/src/lib/recording.svelte.ts?t=1783271244410:160:3)
    at http://localhost:1420/src/routes/+layout.svelte?t=1783271949587:18:13
    at untrack (http://localhost:1420/node_modules/.vite/deps/chunk-USXNSDCW.js?v=7e14fcc2:4510:12)
    at $effect (http://localhost:1420/node_modules/.vite/deps/chunk-MRXB2PTD.js?v=7e14fcc2:4289:23)
    at update_reaction (http://localhost:1420/node_modules/.vite/deps/chunk-USXNSDCW.js?v=7e14fcc2:4192:18)
    at update_effect (http://localhost:1420/node_modules/.vite/deps/chunk-USXNSDCW.js?v=7e14fcc2:4333:21)
    at flush_queued_effects (http://localhost:1420/node_modules/.vite/deps/chunk-USXNSDCW.js?v=7e14fcc2:3312:7)
[  442590ms] TypeError: Cannot read properties of undefined (reading 'transformCallback')
    at transformCallback (http://localhost:1420/node_modules/.vite/deps/chunk-G7S6KQDI.js?v=7e14fcc2:22:37)
    at listen (http://localhost:1420/node_modules/.vite/deps/@tauri-apps_api_event.js?v=7e14fcc2:40:14)
    at onLevel (http://localhost:1420/src/lib/events.ts:18:10)
    at Object.init (http://localhost:1420/src/lib/recording.svelte.ts?t=1783271244410:218:3)
    at http://localhost:1420/src/routes/+layout.svelte?t=1783271949587:18:13
    at untrack (http://localhost:1420/node_modules/.vite/deps/chunk-USXNSDCW.js?v=7e14fcc2:4510:12)
    at $effect (http://localhost:1420/node_modules/.vite/deps/chunk-MRXB2PTD.js?v=7e14fcc2:4289:23)
    at update_reaction (http://localhost:1420/node_modules/.vite/deps/chunk-USXNSDCW.js?v=7e14fcc2:4192:18)
    at update_effect (http://localhost:1420/node_modules/.vite/deps/chunk-USXNSDCW.js?v=7e14fcc2:4333:21)
    at flush_queued_effects (http://localhost:1420/node_modules/.vite/deps/chunk-USXNSDCW.js?v=7e14fcc2:3312:7)
[  442590ms] TypeError: Cannot read properties of undefined (reading 'transformCallback')
    at transformCallback (http://localhost:1420/node_modules/.vite/deps/chunk-G7S6KQDI.js?v=7e14fcc2:22:37)
    at listen (http://localhost:1420/node_modules/.vite/deps/@tauri-apps_api_event.js?v=7e14fcc2:40:14)
    at onStorage (http://localhost:1420/src/lib/events.ts:12:10)
    at Object.init (http://localhost:1420/src/lib/recording.svelte.ts?t=1783271244410:229:3)
    at http://localhost:1420/src/routes/+layout.svelte?t=1783271949587:18:13
    at untrack (http://localhost:1420/node_modules/.vite/deps/chunk-USXNSDCW.js?v=7e14fcc2:4510:12)
    at $effect (http://localhost:1420/node_modules/.vite/deps/chunk-MRXB2PTD.js?v=7e14fcc2:4289:23)
    at update_reaction (http://localhost:1420/node_modules/.vite/deps/chunk-USXNSDCW.js?v=7e14fcc2:4192:18)
    at update_effect (http://localhost:1420/node_modules/.vite/deps/chunk-USXNSDCW.js?v=7e14fcc2:4333:21)
    at flush_queued_effects (http://localhost:1420/node_modules/.vite/deps/chunk-USXNSDCW.js?v=7e14fcc2:3312:7)
[  442590ms] TypeError: Cannot read properties of undefined (reading 'transformCallback')
    at transformCallback (http://localhost:1420/node_modules/.vite/deps/chunk-G7S6KQDI.js?v=7e14fcc2:22:37)
    at listen (http://localhost:1420/node_modules/.vite/deps/@tauri-apps_api_event.js?v=7e14fcc2:40:14)
    at onSpeakers (http://localhost:1420/src/lib/events.ts:15:10)
    at Object.init (http://localhost:1420/src/lib/recording.svelte.ts?t=1783271244410:233:3)
    at http://localhost:1420/src/routes/+layout.svelte?t=1783271949587:18:13
    at untrack (http://localhost:1420/node_modules/.vite/deps/chunk-USXNSDCW.js?v=7e14fcc2:4510:12)
    at $effect (http://localhost:1420/node_modules/.vite/deps/chunk-MRXB2PTD.js?v=7e14fcc2:4289:23)
    at update_reaction (http://localhost:1420/node_modules/.vite/deps/chunk-USXNSDCW.js?v=7e14fcc2:4192:18)
    at update_effect (http://localhost:1420/node_modules/.vite/deps/chunk-USXNSDCW.js?v=7e14fcc2:4333:21)
    at flush_queued_effects (http://localhost:1420/node_modules/.vite/deps/chunk-USXNSDCW.js?v=7e14fcc2:3312:7)
[  442590ms] TypeError: Cannot read properties of undefined (reading 'invoke')
    at invoke (http://localhost:1420/node_modules/.vite/deps/chunk-G7S6KQDI.js?v=7e14fcc2:109:37)
    at Object.init (http://localhost:1420/src/lib/recording.svelte.ts?t=1783271244410:243:44)
    at http://localhost:1420/src/routes/+layout.svelte?t=1783271949587:18:13
    at untrack (http://localhost:1420/node_modules/.vite/deps/chunk-USXNSDCW.js?v=7e14fcc2:4510:12)
    at $effect (http://localhost:1420/node_modules/.vite/deps/chunk-MRXB2PTD.js?v=7e14fcc2:4289:23)
    at update_reaction (http://localhost:1420/node_modules/.vite/deps/chunk-USXNSDCW.js?v=7e14fcc2:4192:18)
    at update_effect (http://localhost:1420/node_modules/.vite/deps/chunk-USXNSDCW.js?v=7e14fcc2:4333:21)
    at flush_queued_effects (http://localhost:1420/node_modules/.vite/deps/chunk-USXNSDCW.js?v=7e14fcc2:3312:7)
    at _Batch.process_fn (http://localhost:1420/node_modules/.vite/deps/chunk-USXNSDCW.js?v=7e14fcc2:3004:3)
    at _Batch.flush (http://localhost:1420/node_modules/.vite/deps/chunk-USXNSDCW.js?v=7e14fcc2:2734:59)
[  473095ms] TypeError: Cannot read properties of undefined (reading 'transformCallback')
    at transformCallback (http://localhost:1420/node_modules/.vite/deps/chunk-G7S6KQDI.js?v=7e14fcc2:22:37)
    at listen (http://localhost:1420/node_modules/.vite/deps/@tauri-apps_api_event.js?v=7e14fcc2:40:14)
    at onPartial (http://localhost:1420/src/lib/events.ts:3:10)
    at Object.init (http://localhost:1420/src/lib/recording.svelte.ts?t=1783271244410:143:3)
    at http://localhost:1420/src/routes/+layout.svelte?t=1783271949587:18:13
    at untrack (http://localhost:1420/node_modules/.vite/deps/chunk-USXNSDCW.js?v=7e14fcc2:4510:12)
    at $effect (http://localhost:1420/node_modules/.vite/deps/chunk-MRXB2PTD.js?v=7e14fcc2:4289:23)
    at update_reaction (http://localhost:1420/node_modules/.vite/deps/chunk-USXNSDCW.js?v=7e14fcc2:4192:18)
    at update_effect (http://localhost:1420/node_modules/.vite/deps/chunk-USXNSDCW.js?v=7e14fcc2:4333:21)
    at flush_queued_effects (http://localhost:1420/node_modules/.vite/deps/chunk-USXNSDCW.js?v=7e14fcc2:3312:7)
[  473095ms] TypeError: Cannot read properties of undefined (reading 'transformCallback')
    at transformCallback (http://localhost:1420/node_modules/.vite/deps/chunk-G7S6KQDI.js?v=7e14fcc2:22:37)
    at listen (http://localhost:1420/node_modules/.vite/deps/@tauri-apps_api_event.js?v=7e14fcc2:40:14)
    at onFinal (http://localhost:1420/src/lib/events.ts:9:10)
    at Object.init (http://localhost:1420/src/lib/recording.svelte.ts?t=1783271244410:147:3)
    at http://localhost:1420/src/routes/+layout.svelte?t=1783271949587:18:13
    at untrack (http://localhost:1420/node_modules/.vite/deps/chunk-USXNSDCW.js?v=7e14fcc2:4510:12)
    at $effect (http://localhost:1420/node_modules/.vite/deps/chunk-MRXB2PTD.js?v=7e14fcc2:4289:23)
    at update_reaction (http://localhost:1420/node_modules/.vite/deps/chunk-USXNSDCW.js?v=7e14fcc2:4192:18)
    at update_effect (http://localhost:1420/node_modules/.vite/deps/chunk-USXNSDCW.js?v=7e14fcc2:4333:21)
    at flush_queued_effects (http://localhost:1420/node_modules/.vite/deps/chunk-USXNSDCW.js?v=7e14fcc2:3312:7)
[  473096ms] TypeError: Cannot read properties of undefined (reading 'transformCallback')
    at transformCallback (http://localhost:1420/node_modules/.vite/deps/chunk-G7S6KQDI.js?v=7e14fcc2:22:37)
    at listen (http://localhost:1420/node_modules/.vite/deps/@tauri-apps_api_event.js?v=7e14fcc2:40:14)
    at onStatus (http://localhost:1420/src/lib/events.ts:6:10)
    at Object.init (http://localhost:1420/src/lib/recording.svelte.ts?t=1783271244410:160:3)
    at http://localhost:1420/src/routes/+layout.svelte?t=1783271949587:18:13
    at untrack (http://localhost:1420/node_modules/.vite/deps/chunk-USXNSDCW.js?v=7e14fcc2:4510:12)
    at $effect (http://localhost:1420/node_modules/.vite/deps/chunk-MRXB2PTD.js?v=7e14fcc2:4289:23)
    at update_reaction (http://localhost:1420/node_modules/.vite/deps/chunk-USXNSDCW.js?v=7e14fcc2:4192:18)
    at update_effect (http://localhost:1420/node_modules/.vite/deps/chunk-USXNSDCW.js?v=7e14fcc2:4333:21)
    at flush_queued_effects (http://localhost:1420/node_modules/.vite/deps/chunk-USXNSDCW.js?v=7e14fcc2:3312:7)
[  473096ms] TypeError: Cannot read properties of undefined (reading 'transformCallback')
    at transformCallback (http://localhost:1420/node_modules/.vite/deps/chunk-G7S6KQDI.js?v=7e14fcc2:22:37)
    at listen (http://localhost:1420/node_modules/.vite/deps/@tauri-apps_api_event.js?v=7e14fcc2:40:14)
    at onLevel (http://localhost:1420/src/lib/events.ts:18:10)
    at Object.init (http://localhost:1420/src/lib/recording.svelte.ts?t=1783271244410:218:3)
    at http://localhost:1420/src/routes/+layout.svelte?t=1783271949587:18:13
    at untrack (http://localhost:1420/node_modules/.vite/deps/chunk-USXNSDCW.js?v=7e14fcc2:4510:12)
    at $effect (http://localhost:1420/node_modules/.vite/deps/chunk-MRXB2PTD.js?v=7e14fcc2:4289:23)
    at update_reaction (http://localhost:1420/node_modules/.vite/deps/chunk-USXNSDCW.js?v=7e14fcc2:4192:18)
    at update_effect (http://localhost:1420/node_modules/.vite/deps/chunk-USXNSDCW.js?v=7e14fcc2:4333:21)
    at flush_queued_effects (http://localhost:1420/node_modules/.vite/deps/chunk-USXNSDCW.js?v=7e14fcc2:3312:7)
[  473096ms] TypeError: Cannot read properties of undefined (reading 'transformCallback')
    at transformCallback (http://localhost:1420/node_modules/.vite/deps/chunk-G7S6KQDI.js?v=7e14fcc2:22:37)
    at listen (http://localhost:1420/node_modules/.vite/deps/@tauri-apps_api_event.js?v=7e14fcc2:40:14)
    at onStorage (http://localhost:1420/src/lib/events.ts:12:10)
    at Object.init (http://localhost:1420/src/lib/recording.svelte.ts?t=1783271244410:229:3)
    at http://localhost:1420/src/routes/+layout.svelte?t=1783271949587:18:13
    at untrack (http://localhost:1420/node_modules/.vite/deps/chunk-USXNSDCW.js?v=7e14fcc2:4510:12)
    at $effect (http://localhost:1420/node_modules/.vite/deps/chunk-MRXB2PTD.js?v=7e14fcc2:4289:23)
    at update_reaction (http://localhost:1420/node_modules/.vite/deps/chunk-USXNSDCW.js?v=7e14fcc2:4192:18)
    at update_effect (http://localhost:1420/node_modules/.vite/deps/chunk-USXNSDCW.js?v=7e14fcc2:4333:21)
    at flush_queued_effects (http://localhost:1420/node_modules/.vite/deps/chunk-USXNSDCW.js?v=7e14fcc2:3312:7)
[  473096ms] TypeError: Cannot read properties of undefined (reading 'transformCallback')
    at transformCallback (http://localhost:1420/node_modules/.vite/deps/chunk-G7S6KQDI.js?v=7e14fcc2:22:37)
    at listen (http://localhost:1420/node_modules/.vite/deps/@tauri-apps_api_event.js?v=7e14fcc2:40:14)
    at onSpeakers (http://localhost:1420/src/lib/events.ts:15:10)
    at Object.init (http://localhost:1420/src/lib/recording.svelte.ts?t=1783271244410:233:3)
    at http://localhost:1420/src/routes/+layout.svelte?t=1783271949587:18:13
    at untrack (http://localhost:1420/node_modules/.vite/deps/chunk-USXNSDCW.js?v=7e14fcc2:4510:12)
    at $effect (http://localhost:1420/node_modules/.vite/deps/chunk-MRXB2PTD.js?v=7e14fcc2:4289:23)
    at update_reaction (http://localhost:1420/node_modules/.vite/deps/chunk-USXNSDCW.js?v=7e14fcc2:4192:18)
    at update_effect (http://localhost:1420/node_modules/.vite/deps/chunk-USXNSDCW.js?v=7e14fcc2:4333:21)
    at flush_queued_effects (http://localhost:1420/node_modules/.vite/deps/chunk-USXNSDCW.js?v=7e14fcc2:3312:7)
[  473096ms] TypeError: Cannot read properties of undefined (reading 'invoke')
    at invoke (http://localhost:1420/node_modules/.vite/deps/chunk-G7S6KQDI.js?v=7e14fcc2:109:37)
    at Object.init (http://localhost:1420/src/lib/recording.svelte.ts?t=1783271244410:243:44)
    at http://localhost:1420/src/routes/+layout.svelte?t=1783271949587:18:13
    at untrack (http://localhost:1420/node_modules/.vite/deps/chunk-USXNSDCW.js?v=7e14fcc2:4510:12)
    at $effect (http://localhost:1420/node_modules/.vite/deps/chunk-MRXB2PTD.js?v=7e14fcc2:4289:23)
    at update_reaction (http://localhost:1420/node_modules/.vite/deps/chunk-USXNSDCW.js?v=7e14fcc2:4192:18)
    at update_effect (http://localhost:1420/node_modules/.vite/deps/chunk-USXNSDCW.js?v=7e14fcc2:4333:21)
    at flush_queued_effects (http://localhost:1420/node_modules/.vite/deps/chunk-USXNSDCW.js?v=7e14fcc2:3312:7)
    at _Batch.process_fn (http://localhost:1420/node_modules/.vite/deps/chunk-USXNSDCW.js?v=7e14fcc2:3004:3)
    at _Batch.flush (http://localhost:1420/node_modules/.vite/deps/chunk-USXNSDCW.js?v=7e14fcc2:2734:59)
