[      57ms] TypeError: Cannot read properties of undefined (reading 'transformCallback')
    at transformCallback (http://localhost:1420/node_modules/.vite/deps/chunk-G7S6KQDI.js?v=7e14fcc2:22:37)
    at listen (http://localhost:1420/node_modules/.vite/deps/@tauri-apps_api_event.js?v=7e14fcc2:40:14)
    at onPartial (http://localhost:1420/src/lib/events.ts:3:10)
    at Object.init (http://localhost:1420/src/lib/recording.svelte.ts?t=1783271244410:143:3)
    at http://localhost:1420/src/routes/+layout.svelte?t=1783271244410:18:13
    at untrack (http://localhost:1420/node_modules/.vite/deps/chunk-USXNSDCW.js?v=7e14fcc2:4510:12)
    at $effect (http://localhost:1420/node_modules/.vite/deps/chunk-MRXB2PTD.js?v=7e14fcc2:4289:23)
    at update_reaction (http://localhost:1420/node_modules/.vite/deps/chunk-USXNSDCW.js?v=7e14fcc2:4192:18)
    at update_effect (http://localhost:1420/node_modules/.vite/deps/chunk-USXNSDCW.js?v=7e14fcc2:4333:21)
    at flush_queued_effects (http://localhost:1420/node_modules/.vite/deps/chunk-USXNSDCW.js?v=7e14fcc2:3312:7)
[      57ms] TypeError: Cannot read properties of undefined (reading 'transformCallback')
    at transformCallback (http://localhost:1420/node_modules/.vite/deps/chunk-G7S6KQDI.js?v=7e14fcc2:22:37)
    at listen (http://localhost:1420/node_modules/.vite/deps/@tauri-apps_api_event.js?v=7e14fcc2:40:14)
    at onFinal (http://localhost:1420/src/lib/events.ts:9:10)
    at Object.init (http://localhost:1420/src/lib/recording.svelte.ts?t=1783271244410:147:3)
    at http://localhost:1420/src/routes/+layout.svelte?t=1783271244410:18:13
    at untrack (http://localhost:1420/node_modules/.vite/deps/chunk-USXNSDCW.js?v=7e14fcc2:4510:12)
    at $effect (http://localhost:1420/node_modules/.vite/deps/chunk-MRXB2PTD.js?v=7e14fcc2:4289:23)
    at update_reaction (http://localhost:1420/node_modules/.vite/deps/chunk-USXNSDCW.js?v=7e14fcc2:4192:18)
    at update_effect (http://localhost:1420/node_modules/.vite/deps/chunk-USXNSDCW.js?v=7e14fcc2:4333:21)
    at flush_queued_effects (http://localhost:1420/node_modules/.vite/deps/chunk-USXNSDCW.js?v=7e14fcc2:3312:7)
[      57ms] TypeError: Cannot read properties of undefined (reading 'transformCallback')
    at transformCallback (http://localhost:1420/node_modules/.vite/deps/chunk-G7S6KQDI.js?v=7e14fcc2:22:37)
    at listen (http://localhost:1420/node_modules/.vite/deps/@tauri-apps_api_event.js?v=7e14fcc2:40:14)
    at onStatus (http://localhost:1420/src/lib/events.ts:6:10)
    at Object.init (http://localhost:1420/src/lib/recording.svelte.ts?t=1783271244410:160:3)
    at http://localhost:1420/src/routes/+layout.svelte?t=1783271244410:18:13
    at untrack (http://localhost:1420/node_modules/.vite/deps/chunk-USXNSDCW.js?v=7e14fcc2:4510:12)
    at $effect (http://localhost:1420/node_modules/.vite/deps/chunk-MRXB2PTD.js?v=7e14fcc2:4289:23)
    at update_reaction (http://localhost:1420/node_modules/.vite/deps/chunk-USXNSDCW.js?v=7e14fcc2:4192:18)
    at update_effect (http://localhost:1420/node_modules/.vite/deps/chunk-USXNSDCW.js?v=7e14fcc2:4333:21)
    at flush_queued_effects (http://localhost:1420/node_modules/.vite/deps/chunk-USXNSDCW.js?v=7e14fcc2:3312:7)
[      58ms] TypeError: Cannot read properties of undefined (reading 'transformCallback')
    at transformCallback (http://localhost:1420/node_modules/.vite/deps/chunk-G7S6KQDI.js?v=7e14fcc2:22:37)
    at listen (http://localhost:1420/node_modules/.vite/deps/@tauri-apps_api_event.js?v=7e14fcc2:40:14)
    at onLevel (http://localhost:1420/src/lib/events.ts:18:10)
    at Object.init (http://localhost:1420/src/lib/recording.svelte.ts?t=1783271244410:218:3)
    at http://localhost:1420/src/routes/+layout.svelte?t=1783271244410:18:13
    at untrack (http://localhost:1420/node_modules/.vite/deps/chunk-USXNSDCW.js?v=7e14fcc2:4510:12)
    at $effect (http://localhost:1420/node_modules/.vite/deps/chunk-MRXB2PTD.js?v=7e14fcc2:4289:23)
    at update_reaction (http://localhost:1420/node_modules/.vite/deps/chunk-USXNSDCW.js?v=7e14fcc2:4192:18)
    at update_effect (http://localhost:1420/node_modules/.vite/deps/chunk-USXNSDCW.js?v=7e14fcc2:4333:21)
    at flush_queued_effects (http://localhost:1420/node_modules/.vite/deps/chunk-USXNSDCW.js?v=7e14fcc2:3312:7)
[      58ms] TypeError: Cannot read properties of undefined (reading 'transformCallback')
    at transformCallback (http://localhost:1420/node_modules/.vite/deps/chunk-G7S6KQDI.js?v=7e14fcc2:22:37)
    at listen (http://localhost:1420/node_modules/.vite/deps/@tauri-apps_api_event.js?v=7e14fcc2:40:14)
    at onStorage (http://localhost:1420/src/lib/events.ts:12:10)
    at Object.init (http://localhost:1420/src/lib/recording.svelte.ts?t=1783271244410:229:3)
    at http://localhost:1420/src/routes/+layout.svelte?t=1783271244410:18:13
    at untrack (http://localhost:1420/node_modules/.vite/deps/chunk-USXNSDCW.js?v=7e14fcc2:4510:12)
    at $effect (http://localhost:1420/node_modules/.vite/deps/chunk-MRXB2PTD.js?v=7e14fcc2:4289:23)
    at update_reaction (http://localhost:1420/node_modules/.vite/deps/chunk-USXNSDCW.js?v=7e14fcc2:4192:18)
    at update_effect (http://localhost:1420/node_modules/.vite/deps/chunk-USXNSDCW.js?v=7e14fcc2:4333:21)
    at flush_queued_effects (http://localhost:1420/node_modules/.vite/deps/chunk-USXNSDCW.js?v=7e14fcc2:3312:7)
[      58ms] TypeError: Cannot read properties of undefined (reading 'transformCallback')
    at transformCallback (http://localhost:1420/node_modules/.vite/deps/chunk-G7S6KQDI.js?v=7e14fcc2:22:37)
    at listen (http://localhost:1420/node_modules/.vite/deps/@tauri-apps_api_event.js?v=7e14fcc2:40:14)
    at onSpeakers (http://localhost:1420/src/lib/events.ts:15:10)
    at Object.init (http://localhost:1420/src/lib/recording.svelte.ts?t=1783271244410:233:3)
    at http://localhost:1420/src/routes/+layout.svelte?t=1783271244410:18:13
    at untrack (http://localhost:1420/node_modules/.vite/deps/chunk-USXNSDCW.js?v=7e14fcc2:4510:12)
    at $effect (http://localhost:1420/node_modules/.vite/deps/chunk-MRXB2PTD.js?v=7e14fcc2:4289:23)
    at update_reaction (http://localhost:1420/node_modules/.vite/deps/chunk-USXNSDCW.js?v=7e14fcc2:4192:18)
    at update_effect (http://localhost:1420/node_modules/.vite/deps/chunk-USXNSDCW.js?v=7e14fcc2:4333:21)
    at flush_queued_effects (http://localhost:1420/node_modules/.vite/deps/chunk-USXNSDCW.js?v=7e14fcc2:3312:7)
[      59ms] TypeError: Cannot read properties of undefined (reading 'invoke')
    at invoke (http://localhost:1420/node_modules/.vite/deps/chunk-G7S6KQDI.js?v=7e14fcc2:109:37)
    at Object.init (http://localhost:1420/src/lib/recording.svelte.ts?t=1783271244410:243:44)
    at http://localhost:1420/src/routes/+layout.svelte?t=1783271244410:18:13
    at untrack (http://localhost:1420/node_modules/.vite/deps/chunk-USXNSDCW.js?v=7e14fcc2:4510:12)
    at $effect (http://localhost:1420/node_modules/.vite/deps/chunk-MRXB2PTD.js?v=7e14fcc2:4289:23)
    at update_reaction (http://localhost:1420/node_modules/.vite/deps/chunk-USXNSDCW.js?v=7e14fcc2:4192:18)
    at update_effect (http://localhost:1420/node_modules/.vite/deps/chunk-USXNSDCW.js?v=7e14fcc2:4333:21)
    at flush_queued_effects (http://localhost:1420/node_modules/.vite/deps/chunk-USXNSDCW.js?v=7e14fcc2:3312:7)
    at _Batch.process_fn (http://localhost:1420/node_modules/.vite/deps/chunk-USXNSDCW.js?v=7e14fcc2:3004:3)
    at _Batch.flush (http://localhost:1420/node_modules/.vite/deps/chunk-USXNSDCW.js?v=7e14fcc2:2734:59)
[   35038ms] TypeError: Cannot read properties of undefined (reading 'transformCallback')
    at transformCallback (http://localhost:1420/node_modules/.vite/deps/chunk-G7S6KQDI.js?v=7e14fcc2:22:37)
    at listen (http://localhost:1420/node_modules/.vite/deps/@tauri-apps_api_event.js?v=7e14fcc2:40:14)
    at onPartial (http://localhost:1420/src/lib/events.ts:3:10)
    at Object.init (http://localhost:1420/src/lib/recording.svelte.ts?t=1783271244410:143:3)
    at http://localhost:1420/src/routes/+layout.svelte?t=1783271244410:18:13
    at untrack (http://localhost:1420/node_modules/.vite/deps/chunk-USXNSDCW.js?v=7e14fcc2:4510:12)
    at $effect (http://localhost:1420/node_modules/.vite/deps/chunk-MRXB2PTD.js?v=7e14fcc2:4289:23)
    at update_reaction (http://localhost:1420/node_modules/.vite/deps/chunk-USXNSDCW.js?v=7e14fcc2:4192:18)
    at update_effect (http://localhost:1420/node_modules/.vite/deps/chunk-USXNSDCW.js?v=7e14fcc2:4333:21)
    at flush_queued_effects (http://localhost:1420/node_modules/.vite/deps/chunk-USXNSDCW.js?v=7e14fcc2:3312:7)
[   35038ms] TypeError: Cannot read properties of undefined (reading 'transformCallback')
    at transformCallback (http://localhost:1420/node_modules/.vite/deps/chunk-G7S6KQDI.js?v=7e14fcc2:22:37)
    at listen (http://localhost:1420/node_modules/.vite/deps/@tauri-apps_api_event.js?v=7e14fcc2:40:14)
    at onFinal (http://localhost:1420/src/lib/events.ts:9:10)
    at Object.init (http://localhost:1420/src/lib/recording.svelte.ts?t=1783271244410:147:3)
    at http://localhost:1420/src/routes/+layout.svelte?t=1783271244410:18:13
    at untrack (http://localhost:1420/node_modules/.vite/deps/chunk-USXNSDCW.js?v=7e14fcc2:4510:12)
    at $effect (http://localhost:1420/node_modules/.vite/deps/chunk-MRXB2PTD.js?v=7e14fcc2:4289:23)
    at update_reaction (http://localhost:1420/node_modules/.vite/deps/chunk-USXNSDCW.js?v=7e14fcc2:4192:18)
    at update_effect (http://localhost:1420/node_modules/.vite/deps/chunk-USXNSDCW.js?v=7e14fcc2:4333:21)
    at flush_queued_effects (http://localhost:1420/node_modules/.vite/deps/chunk-USXNSDCW.js?v=7e14fcc2:3312:7)
[   35038ms] TypeError: Cannot read properties of undefined (reading 'transformCallback')
    at transformCallback (http://localhost:1420/node_modules/.vite/deps/chunk-G7S6KQDI.js?v=7e14fcc2:22:37)
    at listen (http://localhost:1420/node_modules/.vite/deps/@tauri-apps_api_event.js?v=7e14fcc2:40:14)
    at onStatus (http://localhost:1420/src/lib/events.ts:6:10)
    at Object.init (http://localhost:1420/src/lib/recording.svelte.ts?t=1783271244410:160:3)
    at http://localhost:1420/src/routes/+layout.svelte?t=1783271244410:18:13
    at untrack (http://localhost:1420/node_modules/.vite/deps/chunk-USXNSDCW.js?v=7e14fcc2:4510:12)
    at $effect (http://localhost:1420/node_modules/.vite/deps/chunk-MRXB2PTD.js?v=7e14fcc2:4289:23)
    at update_reaction (http://localhost:1420/node_modules/.vite/deps/chunk-USXNSDCW.js?v=7e14fcc2:4192:18)
    at update_effect (http://localhost:1420/node_modules/.vite/deps/chunk-USXNSDCW.js?v=7e14fcc2:4333:21)
    at flush_queued_effects (http://localhost:1420/node_modules/.vite/deps/chunk-USXNSDCW.js?v=7e14fcc2:3312:7)
[   35038ms] TypeError: Cannot read properties of undefined (reading 'transformCallback')
    at transformCallback (http://localhost:1420/node_modules/.vite/deps/chunk-G7S6KQDI.js?v=7e14fcc2:22:37)
    at listen (http://localhost:1420/node_modules/.vite/deps/@tauri-apps_api_event.js?v=7e14fcc2:40:14)
    at onLevel (http://localhost:1420/src/lib/events.ts:18:10)
    at Object.init (http://localhost:1420/src/lib/recording.svelte.ts?t=1783271244410:218:3)
    at http://localhost:1420/src/routes/+layout.svelte?t=1783271244410:18:13
    at untrack (http://localhost:1420/node_modules/.vite/deps/chunk-USXNSDCW.js?v=7e14fcc2:4510:12)
    at $effect (http://localhost:1420/node_modules/.vite/deps/chunk-MRXB2PTD.js?v=7e14fcc2:4289:23)
    at update_reaction (http://localhost:1420/node_modules/.vite/deps/chunk-USXNSDCW.js?v=7e14fcc2:4192:18)
    at update_effect (http://localhost:1420/node_modules/.vite/deps/chunk-USXNSDCW.js?v=7e14fcc2:4333:21)
    at flush_queued_effects (http://localhost:1420/node_modules/.vite/deps/chunk-USXNSDCW.js?v=7e14fcc2:3312:7)
[   35038ms] TypeError: Cannot read properties of undefined (reading 'transformCallback')
    at transformCallback (http://localhost:1420/node_modules/.vite/deps/chunk-G7S6KQDI.js?v=7e14fcc2:22:37)
    at listen (http://localhost:1420/node_modules/.vite/deps/@tauri-apps_api_event.js?v=7e14fcc2:40:14)
    at onStorage (http://localhost:1420/src/lib/events.ts:12:10)
    at Object.init (http://localhost:1420/src/lib/recording.svelte.ts?t=1783271244410:229:3)
    at http://localhost:1420/src/routes/+layout.svelte?t=1783271244410:18:13
    at untrack (http://localhost:1420/node_modules/.vite/deps/chunk-USXNSDCW.js?v=7e14fcc2:4510:12)
    at $effect (http://localhost:1420/node_modules/.vite/deps/chunk-MRXB2PTD.js?v=7e14fcc2:4289:23)
    at update_reaction (http://localhost:1420/node_modules/.vite/deps/chunk-USXNSDCW.js?v=7e14fcc2:4192:18)
    at update_effect (http://localhost:1420/node_modules/.vite/deps/chunk-USXNSDCW.js?v=7e14fcc2:4333:21)
    at flush_queued_effects (http://localhost:1420/node_modules/.vite/deps/chunk-USXNSDCW.js?v=7e14fcc2:3312:7)
[   35038ms] TypeError: Cannot read properties of undefined (reading 'transformCallback')
    at transformCallback (http://localhost:1420/node_modules/.vite/deps/chunk-G7S6KQDI.js?v=7e14fcc2:22:37)
    at listen (http://localhost:1420/node_modules/.vite/deps/@tauri-apps_api_event.js?v=7e14fcc2:40:14)
    at onSpeakers (http://localhost:1420/src/lib/events.ts:15:10)
    at Object.init (http://localhost:1420/src/lib/recording.svelte.ts?t=1783271244410:233:3)
    at http://localhost:1420/src/routes/+layout.svelte?t=1783271244410:18:13
    at untrack (http://localhost:1420/node_modules/.vite/deps/chunk-USXNSDCW.js?v=7e14fcc2:4510:12)
    at $effect (http://localhost:1420/node_modules/.vite/deps/chunk-MRXB2PTD.js?v=7e14fcc2:4289:23)
    at update_reaction (http://localhost:1420/node_modules/.vite/deps/chunk-USXNSDCW.js?v=7e14fcc2:4192:18)
    at update_effect (http://localhost:1420/node_modules/.vite/deps/chunk-USXNSDCW.js?v=7e14fcc2:4333:21)
    at flush_queued_effects (http://localhost:1420/node_modules/.vite/deps/chunk-USXNSDCW.js?v=7e14fcc2:3312:7)
[   35038ms] TypeError: Cannot read properties of undefined (reading 'invoke')
    at invoke (http://localhost:1420/node_modules/.vite/deps/chunk-G7S6KQDI.js?v=7e14fcc2:109:37)
    at Object.init (http://localhost:1420/src/lib/recording.svelte.ts?t=1783271244410:243:44)
    at http://localhost:1420/src/routes/+layout.svelte?t=1783271244410:18:13
    at untrack (http://localhost:1420/node_modules/.vite/deps/chunk-USXNSDCW.js?v=7e14fcc2:4510:12)
    at $effect (http://localhost:1420/node_modules/.vite/deps/chunk-MRXB2PTD.js?v=7e14fcc2:4289:23)
    at update_reaction (http://localhost:1420/node_modules/.vite/deps/chunk-USXNSDCW.js?v=7e14fcc2:4192:18)
    at update_effect (http://localhost:1420/node_modules/.vite/deps/chunk-USXNSDCW.js?v=7e14fcc2:4333:21)
    at flush_queued_effects (http://localhost:1420/node_modules/.vite/deps/chunk-USXNSDCW.js?v=7e14fcc2:3312:7)
    at _Batch.process_fn (http://localhost:1420/node_modules/.vite/deps/chunk-USXNSDCW.js?v=7e14fcc2:3004:3)
    at _Batch.flush (http://localhost:1420/node_modules/.vite/deps/chunk-USXNSDCW.js?v=7e14fcc2:2734:59)
[   35870ms] TypeError: Cannot read properties of undefined (reading 'transformCallback')
    at transformCallback (http://localhost:1420/node_modules/.vite/deps/chunk-G7S6KQDI.js?v=7e14fcc2:22:37)
    at listen (http://localhost:1420/node_modules/.vite/deps/@tauri-apps_api_event.js?v=7e14fcc2:40:14)
    at onPartial (http://localhost:1420/src/lib/events.ts:3:10)
    at Object.init (http://localhost:1420/src/lib/recording.svelte.ts?t=1783271244410:143:3)
    at http://localhost:1420/src/routes/+layout.svelte?t=1783271244410:18:13
    at untrack (http://localhost:1420/node_modules/.vite/deps/chunk-USXNSDCW.js?v=7e14fcc2:4510:12)
    at $effect (http://localhost:1420/node_modules/.vite/deps/chunk-MRXB2PTD.js?v=7e14fcc2:4289:23)
    at update_reaction (http://localhost:1420/node_modules/.vite/deps/chunk-USXNSDCW.js?v=7e14fcc2:4192:18)
    at update_effect (http://localhost:1420/node_modules/.vite/deps/chunk-USXNSDCW.js?v=7e14fcc2:4333:21)
    at flush_queued_effects (http://localhost:1420/node_modules/.vite/deps/chunk-USXNSDCW.js?v=7e14fcc2:3312:7)
[   35870ms] TypeError: Cannot read properties of undefined (reading 'transformCallback')
    at transformCallback (http://localhost:1420/node_modules/.vite/deps/chunk-G7S6KQDI.js?v=7e14fcc2:22:37)
    at listen (http://localhost:1420/node_modules/.vite/deps/@tauri-apps_api_event.js?v=7e14fcc2:40:14)
    at onFinal (http://localhost:1420/src/lib/events.ts:9:10)
    at Object.init (http://localhost:1420/src/lib/recording.svelte.ts?t=1783271244410:147:3)
    at http://localhost:1420/src/routes/+layout.svelte?t=1783271244410:18:13
    at untrack (http://localhost:1420/node_modules/.vite/deps/chunk-USXNSDCW.js?v=7e14fcc2:4510:12)
    at $effect (http://localhost:1420/node_modules/.vite/deps/chunk-MRXB2PTD.js?v=7e14fcc2:4289:23)
    at update_reaction (http://localhost:1420/node_modules/.vite/deps/chunk-USXNSDCW.js?v=7e14fcc2:4192:18)
    at update_effect (http://localhost:1420/node_modules/.vite/deps/chunk-USXNSDCW.js?v=7e14fcc2:4333:21)
    at flush_queued_effects (http://localhost:1420/node_modules/.vite/deps/chunk-USXNSDCW.js?v=7e14fcc2:3312:7)
[   35870ms] TypeError: Cannot read properties of undefined (reading 'transformCallback')
    at transformCallback (http://localhost:1420/node_modules/.vite/deps/chunk-G7S6KQDI.js?v=7e14fcc2:22:37)
    at listen (http://localhost:1420/node_modules/.vite/deps/@tauri-apps_api_event.js?v=7e14fcc2:40:14)
    at onStatus (http://localhost:1420/src/lib/events.ts:6:10)
    at Object.init (http://localhost:1420/src/lib/recording.svelte.ts?t=1783271244410:160:3)
    at http://localhost:1420/src/routes/+layout.svelte?t=1783271244410:18:13
    at untrack (http://localhost:1420/node_modules/.vite/deps/chunk-USXNSDCW.js?v=7e14fcc2:4510:12)
    at $effect (http://localhost:1420/node_modules/.vite/deps/chunk-MRXB2PTD.js?v=7e14fcc2:4289:23)
    at update_reaction (http://localhost:1420/node_modules/.vite/deps/chunk-USXNSDCW.js?v=7e14fcc2:4192:18)
    at update_effect (http://localhost:1420/node_modules/.vite/deps/chunk-USXNSDCW.js?v=7e14fcc2:4333:21)
    at flush_queued_effects (http://localhost:1420/node_modules/.vite/deps/chunk-USXNSDCW.js?v=7e14fcc2:3312:7)
[   35870ms] TypeError: Cannot read properties of undefined (reading 'transformCallback')
    at transformCallback (http://localhost:1420/node_modules/.vite/deps/chunk-G7S6KQDI.js?v=7e14fcc2:22:37)
    at listen (http://localhost:1420/node_modules/.vite/deps/@tauri-apps_api_event.js?v=7e14fcc2:40:14)
    at onLevel (http://localhost:1420/src/lib/events.ts:18:10)
    at Object.init (http://localhost:1420/src/lib/recording.svelte.ts?t=1783271244410:218:3)
    at http://localhost:1420/src/routes/+layout.svelte?t=1783271244410:18:13
    at untrack (http://localhost:1420/node_modules/.vite/deps/chunk-USXNSDCW.js?v=7e14fcc2:4510:12)
    at $effect (http://localhost:1420/node_modules/.vite/deps/chunk-MRXB2PTD.js?v=7e14fcc2:4289:23)
    at update_reaction (http://localhost:1420/node_modules/.vite/deps/chunk-USXNSDCW.js?v=7e14fcc2:4192:18)
    at update_effect (http://localhost:1420/node_modules/.vite/deps/chunk-USXNSDCW.js?v=7e14fcc2:4333:21)
    at flush_queued_effects (http://localhost:1420/node_modules/.vite/deps/chunk-USXNSDCW.js?v=7e14fcc2:3312:7)
[   35870ms] TypeError: Cannot read properties of undefined (reading 'transformCallback')
    at transformCallback (http://localhost:1420/node_modules/.vite/deps/chunk-G7S6KQDI.js?v=7e14fcc2:22:37)
    at listen (http://localhost:1420/node_modules/.vite/deps/@tauri-apps_api_event.js?v=7e14fcc2:40:14)
    at onStorage (http://localhost:1420/src/lib/events.ts:12:10)
    at Object.init (http://localhost:1420/src/lib/recording.svelte.ts?t=1783271244410:229:3)
    at http://localhost:1420/src/routes/+layout.svelte?t=1783271244410:18:13
    at untrack (http://localhost:1420/node_modules/.vite/deps/chunk-USXNSDCW.js?v=7e14fcc2:4510:12)
    at $effect (http://localhost:1420/node_modules/.vite/deps/chunk-MRXB2PTD.js?v=7e14fcc2:4289:23)
    at update_reaction (http://localhost:1420/node_modules/.vite/deps/chunk-USXNSDCW.js?v=7e14fcc2:4192:18)
    at update_effect (http://localhost:1420/node_modules/.vite/deps/chunk-USXNSDCW.js?v=7e14fcc2:4333:21)
    at flush_queued_effects (http://localhost:1420/node_modules/.vite/deps/chunk-USXNSDCW.js?v=7e14fcc2:3312:7)
[   35870ms] TypeError: Cannot read properties of undefined (reading 'transformCallback')
    at transformCallback (http://localhost:1420/node_modules/.vite/deps/chunk-G7S6KQDI.js?v=7e14fcc2:22:37)
    at listen (http://localhost:1420/node_modules/.vite/deps/@tauri-apps_api_event.js?v=7e14fcc2:40:14)
    at onSpeakers (http://localhost:1420/src/lib/events.ts:15:10)
    at Object.init (http://localhost:1420/src/lib/recording.svelte.ts?t=1783271244410:233:3)
    at http://localhost:1420/src/routes/+layout.svelte?t=1783271244410:18:13
    at untrack (http://localhost:1420/node_modules/.vite/deps/chunk-USXNSDCW.js?v=7e14fcc2:4510:12)
    at $effect (http://localhost:1420/node_modules/.vite/deps/chunk-MRXB2PTD.js?v=7e14fcc2:4289:23)
    at update_reaction (http://localhost:1420/node_modules/.vite/deps/chunk-USXNSDCW.js?v=7e14fcc2:4192:18)
    at update_effect (http://localhost:1420/node_modules/.vite/deps/chunk-USXNSDCW.js?v=7e14fcc2:4333:21)
    at flush_queued_effects (http://localhost:1420/node_modules/.vite/deps/chunk-USXNSDCW.js?v=7e14fcc2:3312:7)
[   35871ms] TypeError: Cannot read properties of undefined (reading 'invoke')
    at invoke (http://localhost:1420/node_modules/.vite/deps/chunk-G7S6KQDI.js?v=7e14fcc2:109:37)
    at Object.init (http://localhost:1420/src/lib/recording.svelte.ts?t=1783271244410:243:44)
    at http://localhost:1420/src/routes/+layout.svelte?t=1783271244410:18:13
    at untrack (http://localhost:1420/node_modules/.vite/deps/chunk-USXNSDCW.js?v=7e14fcc2:4510:12)
    at $effect (http://localhost:1420/node_modules/.vite/deps/chunk-MRXB2PTD.js?v=7e14fcc2:4289:23)
    at update_reaction (http://localhost:1420/node_modules/.vite/deps/chunk-USXNSDCW.js?v=7e14fcc2:4192:18)
    at update_effect (http://localhost:1420/node_modules/.vite/deps/chunk-USXNSDCW.js?v=7e14fcc2:4333:21)
    at flush_queued_effects (http://localhost:1420/node_modules/.vite/deps/chunk-USXNSDCW.js?v=7e14fcc2:3312:7)
    at _Batch.process_fn (http://localhost:1420/node_modules/.vite/deps/chunk-USXNSDCW.js?v=7e14fcc2:3004:3)
    at _Batch.flush (http://localhost:1420/node_modules/.vite/deps/chunk-USXNSDCW.js?v=7e14fcc2:2734:59)
[   36615ms] TypeError: Cannot read properties of undefined (reading 'transformCallback')
    at transformCallback (http://localhost:1420/node_modules/.vite/deps/chunk-G7S6KQDI.js?v=7e14fcc2:22:37)
    at listen (http://localhost:1420/node_modules/.vite/deps/@tauri-apps_api_event.js?v=7e14fcc2:40:14)
    at onPartial (http://localhost:1420/src/lib/events.ts:3:10)
    at Object.init (http://localhost:1420/src/lib/recording.svelte.ts?t=1783271244410:143:3)
    at http://localhost:1420/src/routes/+layout.svelte?t=1783271244410:18:13
    at untrack (http://localhost:1420/node_modules/.vite/deps/chunk-USXNSDCW.js?v=7e14fcc2:4510:12)
    at $effect (http://localhost:1420/node_modules/.vite/deps/chunk-MRXB2PTD.js?v=7e14fcc2:4289:23)
    at update_reaction (http://localhost:1420/node_modules/.vite/deps/chunk-USXNSDCW.js?v=7e14fcc2:4192:18)
    at update_effect (http://localhost:1420/node_modules/.vite/deps/chunk-USXNSDCW.js?v=7e14fcc2:4333:21)
    at flush_queued_effects (http://localhost:1420/node_modules/.vite/deps/chunk-USXNSDCW.js?v=7e14fcc2:3312:7)
[   36616ms] TypeError: Cannot read properties of undefined (reading 'transformCallback')
    at transformCallback (http://localhost:1420/node_modules/.vite/deps/chunk-G7S6KQDI.js?v=7e14fcc2:22:37)
    at listen (http://localhost:1420/node_modules/.vite/deps/@tauri-apps_api_event.js?v=7e14fcc2:40:14)
    at onFinal (http://localhost:1420/src/lib/events.ts:9:10)
    at Object.init (http://localhost:1420/src/lib/recording.svelte.ts?t=1783271244410:147:3)
    at http://localhost:1420/src/routes/+layout.svelte?t=1783271244410:18:13
    at untrack (http://localhost:1420/node_modules/.vite/deps/chunk-USXNSDCW.js?v=7e14fcc2:4510:12)
    at $effect (http://localhost:1420/node_modules/.vite/deps/chunk-MRXB2PTD.js?v=7e14fcc2:4289:23)
    at update_reaction (http://localhost:1420/node_modules/.vite/deps/chunk-USXNSDCW.js?v=7e14fcc2:4192:18)
    at update_effect (http://localhost:1420/node_modules/.vite/deps/chunk-USXNSDCW.js?v=7e14fcc2:4333:21)
    at flush_queued_effects (http://localhost:1420/node_modules/.vite/deps/chunk-USXNSDCW.js?v=7e14fcc2:3312:7)
[   36616ms] TypeError: Cannot read properties of undefined (reading 'transformCallback')
    at transformCallback (http://localhost:1420/node_modules/.vite/deps/chunk-G7S6KQDI.js?v=7e14fcc2:22:37)
    at listen (http://localhost:1420/node_modules/.vite/deps/@tauri-apps_api_event.js?v=7e14fcc2:40:14)
    at onStatus (http://localhost:1420/src/lib/events.ts:6:10)
    at Object.init (http://localhost:1420/src/lib/recording.svelte.ts?t=1783271244410:160:3)
    at http://localhost:1420/src/routes/+layout.svelte?t=1783271244410:18:13
    at untrack (http://localhost:1420/node_modules/.vite/deps/chunk-USXNSDCW.js?v=7e14fcc2:4510:12)
    at $effect (http://localhost:1420/node_modules/.vite/deps/chunk-MRXB2PTD.js?v=7e14fcc2:4289:23)
    at update_reaction (http://localhost:1420/node_modules/.vite/deps/chunk-USXNSDCW.js?v=7e14fcc2:4192:18)
    at update_effect (http://localhost:1420/node_modules/.vite/deps/chunk-USXNSDCW.js?v=7e14fcc2:4333:21)
    at flush_queued_effects (http://localhost:1420/node_modules/.vite/deps/chunk-USXNSDCW.js?v=7e14fcc2:3312:7)
[   36616ms] TypeError: Cannot read properties of undefined (reading 'transformCallback')
    at transformCallback (http://localhost:1420/node_modules/.vite/deps/chunk-G7S6KQDI.js?v=7e14fcc2:22:37)
    at listen (http://localhost:1420/node_modules/.vite/deps/@tauri-apps_api_event.js?v=7e14fcc2:40:14)
    at onLevel (http://localhost:1420/src/lib/events.ts:18:10)
    at Object.init (http://localhost:1420/src/lib/recording.svelte.ts?t=1783271244410:218:3)
    at http://localhost:1420/src/routes/+layout.svelte?t=1783271244410:18:13
    at untrack (http://localhost:1420/node_modules/.vite/deps/chunk-USXNSDCW.js?v=7e14fcc2:4510:12)
    at $effect (http://localhost:1420/node_modules/.vite/deps/chunk-MRXB2PTD.js?v=7e14fcc2:4289:23)
    at update_reaction (http://localhost:1420/node_modules/.vite/deps/chunk-USXNSDCW.js?v=7e14fcc2:4192:18)
    at update_effect (http://localhost:1420/node_modules/.vite/deps/chunk-USXNSDCW.js?v=7e14fcc2:4333:21)
    at flush_queued_effects (http://localhost:1420/node_modules/.vite/deps/chunk-USXNSDCW.js?v=7e14fcc2:3312:7)
[   36616ms] TypeError: Cannot read properties of undefined (reading 'transformCallback')
    at transformCallback (http://localhost:1420/node_modules/.vite/deps/chunk-G7S6KQDI.js?v=7e14fcc2:22:37)
    at listen (http://localhost:1420/node_modules/.vite/deps/@tauri-apps_api_event.js?v=7e14fcc2:40:14)
    at onStorage (http://localhost:1420/src/lib/events.ts:12:10)
    at Object.init (http://localhost:1420/src/lib/recording.svelte.ts?t=1783271244410:229:3)
    at http://localhost:1420/src/routes/+layout.svelte?t=1783271244410:18:13
    at untrack (http://localhost:1420/node_modules/.vite/deps/chunk-USXNSDCW.js?v=7e14fcc2:4510:12)
    at $effect (http://localhost:1420/node_modules/.vite/deps/chunk-MRXB2PTD.js?v=7e14fcc2:4289:23)
    at update_reaction (http://localhost:1420/node_modules/.vite/deps/chunk-USXNSDCW.js?v=7e14fcc2:4192:18)
    at update_effect (http://localhost:1420/node_modules/.vite/deps/chunk-USXNSDCW.js?v=7e14fcc2:4333:21)
    at flush_queued_effects (http://localhost:1420/node_modules/.vite/deps/chunk-USXNSDCW.js?v=7e14fcc2:3312:7)
[   36616ms] TypeError: Cannot read properties of undefined (reading 'transformCallback')
    at transformCallback (http://localhost:1420/node_modules/.vite/deps/chunk-G7S6KQDI.js?v=7e14fcc2:22:37)
    at listen (http://localhost:1420/node_modules/.vite/deps/@tauri-apps_api_event.js?v=7e14fcc2:40:14)
    at onSpeakers (http://localhost:1420/src/lib/events.ts:15:10)
    at Object.init (http://localhost:1420/src/lib/recording.svelte.ts?t=1783271244410:233:3)
    at http://localhost:1420/src/routes/+layout.svelte?t=1783271244410:18:13
    at untrack (http://localhost:1420/node_modules/.vite/deps/chunk-USXNSDCW.js?v=7e14fcc2:4510:12)
    at $effect (http://localhost:1420/node_modules/.vite/deps/chunk-MRXB2PTD.js?v=7e14fcc2:4289:23)
    at update_reaction (http://localhost:1420/node_modules/.vite/deps/chunk-USXNSDCW.js?v=7e14fcc2:4192:18)
    at update_effect (http://localhost:1420/node_modules/.vite/deps/chunk-USXNSDCW.js?v=7e14fcc2:4333:21)
    at flush_queued_effects (http://localhost:1420/node_modules/.vite/deps/chunk-USXNSDCW.js?v=7e14fcc2:3312:7)
[   36616ms] TypeError: Cannot read properties of undefined (reading 'invoke')
    at invoke (http://localhost:1420/node_modules/.vite/deps/chunk-G7S6KQDI.js?v=7e14fcc2:109:37)
    at Object.init (http://localhost:1420/src/lib/recording.svelte.ts?t=1783271244410:243:44)
    at http://localhost:1420/src/routes/+layout.svelte?t=1783271244410:18:13
    at untrack (http://localhost:1420/node_modules/.vite/deps/chunk-USXNSDCW.js?v=7e14fcc2:4510:12)
    at $effect (http://localhost:1420/node_modules/.vite/deps/chunk-MRXB2PTD.js?v=7e14fcc2:4289:23)
    at update_reaction (http://localhost:1420/node_modules/.vite/deps/chunk-USXNSDCW.js?v=7e14fcc2:4192:18)
    at update_effect (http://localhost:1420/node_modules/.vite/deps/chunk-USXNSDCW.js?v=7e14fcc2:4333:21)
    at flush_queued_effects (http://localhost:1420/node_modules/.vite/deps/chunk-USXNSDCW.js?v=7e14fcc2:3312:7)
    at _Batch.process_fn (http://localhost:1420/node_modules/.vite/deps/chunk-USXNSDCW.js?v=7e14fcc2:3004:3)
    at _Batch.flush (http://localhost:1420/node_modules/.vite/deps/chunk-USXNSDCW.js?v=7e14fcc2:2734:59)
[  263021ms] TypeError: Cannot read properties of undefined (reading 'transformCallback')
    at transformCallback (http://localhost:1420/node_modules/.vite/deps/chunk-G7S6KQDI.js?v=7e14fcc2:22:37)
    at listen (http://localhost:1420/node_modules/.vite/deps/@tauri-apps_api_event.js?v=7e14fcc2:40:14)
    at onPartial (http://localhost:1420/src/lib/events.ts:3:10)
    at Object.init (http://localhost:1420/src/lib/recording.svelte.ts?t=1783271244410:143:3)
    at http://localhost:1420/src/routes/+layout.svelte?t=1783271541297:18:13
    at untrack (http://localhost:1420/node_modules/.vite/deps/chunk-USXNSDCW.js?v=7e14fcc2:4510:12)
    at $effect (http://localhost:1420/node_modules/.vite/deps/chunk-MRXB2PTD.js?v=7e14fcc2:4289:23)
    at update_reaction (http://localhost:1420/node_modules/.vite/deps/chunk-USXNSDCW.js?v=7e14fcc2:4192:18)
    at update_effect (http://localhost:1420/node_modules/.vite/deps/chunk-USXNSDCW.js?v=7e14fcc2:4333:21)
    at flush_queued_effects (http://localhost:1420/node_modules/.vite/deps/chunk-USXNSDCW.js?v=7e14fcc2:3312:7)
[  263022ms] TypeError: Cannot read properties of undefined (reading 'transformCallback')
    at transformCallback (http://localhost:1420/node_modules/.vite/deps/chunk-G7S6KQDI.js?v=7e14fcc2:22:37)
    at listen (http://localhost:1420/node_modules/.vite/deps/@tauri-apps_api_event.js?v=7e14fcc2:40:14)
    at onFinal (http://localhost:1420/src/lib/events.ts:9:10)
    at Object.init (http://localhost:1420/src/lib/recording.svelte.ts?t=1783271244410:147:3)
    at http://localhost:1420/src/routes/+layout.svelte?t=1783271541297:18:13
    at untrack (http://localhost:1420/node_modules/.vite/deps/chunk-USXNSDCW.js?v=7e14fcc2:4510:12)
    at $effect (http://localhost:1420/node_modules/.vite/deps/chunk-MRXB2PTD.js?v=7e14fcc2:4289:23)
    at update_reaction (http://localhost:1420/node_modules/.vite/deps/chunk-USXNSDCW.js?v=7e14fcc2:4192:18)
    at update_effect (http://localhost:1420/node_modules/.vite/deps/chunk-USXNSDCW.js?v=7e14fcc2:4333:21)
    at flush_queued_effects (http://localhost:1420/node_modules/.vite/deps/chunk-USXNSDCW.js?v=7e14fcc2:3312:7)
[  263022ms] TypeError: Cannot read properties of undefined (reading 'transformCallback')
    at transformCallback (http://localhost:1420/node_modules/.vite/deps/chunk-G7S6KQDI.js?v=7e14fcc2:22:37)
    at listen (http://localhost:1420/node_modules/.vite/deps/@tauri-apps_api_event.js?v=7e14fcc2:40:14)
    at onStatus (http://localhost:1420/src/lib/events.ts:6:10)
    at Object.init (http://localhost:1420/src/lib/recording.svelte.ts?t=1783271244410:160:3)
    at http://localhost:1420/src/routes/+layout.svelte?t=1783271541297:18:13
    at untrack (http://localhost:1420/node_modules/.vite/deps/chunk-USXNSDCW.js?v=7e14fcc2:4510:12)
    at $effect (http://localhost:1420/node_modules/.vite/deps/chunk-MRXB2PTD.js?v=7e14fcc2:4289:23)
    at update_reaction (http://localhost:1420/node_modules/.vite/deps/chunk-USXNSDCW.js?v=7e14fcc2:4192:18)
    at update_effect (http://localhost:1420/node_modules/.vite/deps/chunk-USXNSDCW.js?v=7e14fcc2:4333:21)
    at flush_queued_effects (http://localhost:1420/node_modules/.vite/deps/chunk-USXNSDCW.js?v=7e14fcc2:3312:7)
[  263022ms] TypeError: Cannot read properties of undefined (reading 'transformCallback')
    at transformCallback (http://localhost:1420/node_modules/.vite/deps/chunk-G7S6KQDI.js?v=7e14fcc2:22:37)
    at listen (http://localhost:1420/node_modules/.vite/deps/@tauri-apps_api_event.js?v=7e14fcc2:40:14)
    at onLevel (http://localhost:1420/src/lib/events.ts:18:10)
    at Object.init (http://localhost:1420/src/lib/recording.svelte.ts?t=1783271244410:218:3)
    at http://localhost:1420/src/routes/+layout.svelte?t=1783271541297:18:13
    at untrack (http://localhost:1420/node_modules/.vite/deps/chunk-USXNSDCW.js?v=7e14fcc2:4510:12)
    at $effect (http://localhost:1420/node_modules/.vite/deps/chunk-MRXB2PTD.js?v=7e14fcc2:4289:23)
    at update_reaction (http://localhost:1420/node_modules/.vite/deps/chunk-USXNSDCW.js?v=7e14fcc2:4192:18)
    at update_effect (http://localhost:1420/node_modules/.vite/deps/chunk-USXNSDCW.js?v=7e14fcc2:4333:21)
    at flush_queued_effects (http://localhost:1420/node_modules/.vite/deps/chunk-USXNSDCW.js?v=7e14fcc2:3312:7)
[  263022ms] TypeError: Cannot read properties of undefined (reading 'transformCallback')
    at transformCallback (http://localhost:1420/node_modules/.vite/deps/chunk-G7S6KQDI.js?v=7e14fcc2:22:37)
    at listen (http://localhost:1420/node_modules/.vite/deps/@tauri-apps_api_event.js?v=7e14fcc2:40:14)
    at onStorage (http://localhost:1420/src/lib/events.ts:12:10)
    at Object.init (http://localhost:1420/src/lib/recording.svelte.ts?t=1783271244410:229:3)
    at http://localhost:1420/src/routes/+layout.svelte?t=1783271541297:18:13
    at untrack (http://localhost:1420/node_modules/.vite/deps/chunk-USXNSDCW.js?v=7e14fcc2:4510:12)
    at $effect (http://localhost:1420/node_modules/.vite/deps/chunk-MRXB2PTD.js?v=7e14fcc2:4289:23)
    at update_reaction (http://localhost:1420/node_modules/.vite/deps/chunk-USXNSDCW.js?v=7e14fcc2:4192:18)
    at update_effect (http://localhost:1420/node_modules/.vite/deps/chunk-USXNSDCW.js?v=7e14fcc2:4333:21)
    at flush_queued_effects (http://localhost:1420/node_modules/.vite/deps/chunk-USXNSDCW.js?v=7e14fcc2:3312:7)
[  263022ms] TypeError: Cannot read properties of undefined (reading 'transformCallback')
    at transformCallback (http://localhost:1420/node_modules/.vite/deps/chunk-G7S6KQDI.js?v=7e14fcc2:22:37)
    at listen (http://localhost:1420/node_modules/.vite/deps/@tauri-apps_api_event.js?v=7e14fcc2:40:14)
    at onSpeakers (http://localhost:1420/src/lib/events.ts:15:10)
    at Object.init (http://localhost:1420/src/lib/recording.svelte.ts?t=1783271244410:233:3)
    at http://localhost:1420/src/routes/+layout.svelte?t=1783271541297:18:13
    at untrack (http://localhost:1420/node_modules/.vite/deps/chunk-USXNSDCW.js?v=7e14fcc2:4510:12)
    at $effect (http://localhost:1420/node_modules/.vite/deps/chunk-MRXB2PTD.js?v=7e14fcc2:4289:23)
    at update_reaction (http://localhost:1420/node_modules/.vite/deps/chunk-USXNSDCW.js?v=7e14fcc2:4192:18)
    at update_effect (http://localhost:1420/node_modules/.vite/deps/chunk-USXNSDCW.js?v=7e14fcc2:4333:21)
    at flush_queued_effects (http://localhost:1420/node_modules/.vite/deps/chunk-USXNSDCW.js?v=7e14fcc2:3312:7)
[  263022ms] TypeError: Cannot read properties of undefined (reading 'invoke')
    at invoke (http://localhost:1420/node_modules/.vite/deps/chunk-G7S6KQDI.js?v=7e14fcc2:109:37)
    at Object.init (http://localhost:1420/src/lib/recording.svelte.ts?t=1783271244410:243:44)
    at http://localhost:1420/src/routes/+layout.svelte?t=1783271541297:18:13
    at untrack (http://localhost:1420/node_modules/.vite/deps/chunk-USXNSDCW.js?v=7e14fcc2:4510:12)
    at $effect (http://localhost:1420/node_modules/.vite/deps/chunk-MRXB2PTD.js?v=7e14fcc2:4289:23)
    at update_reaction (http://localhost:1420/node_modules/.vite/deps/chunk-USXNSDCW.js?v=7e14fcc2:4192:18)
    at update_effect (http://localhost:1420/node_modules/.vite/deps/chunk-USXNSDCW.js?v=7e14fcc2:4333:21)
    at flush_queued_effects (http://localhost:1420/node_modules/.vite/deps/chunk-USXNSDCW.js?v=7e14fcc2:3312:7)
    at _Batch.process_fn (http://localhost:1420/node_modules/.vite/deps/chunk-USXNSDCW.js?v=7e14fcc2:3004:3)
    at _Batch.flush (http://localhost:1420/node_modules/.vite/deps/chunk-USXNSDCW.js?v=7e14fcc2:2734:59)
[  263114ms] TypeError: Cannot read properties of undefined (reading 'transformCallback')
    at transformCallback (http://localhost:1420/node_modules/.vite/deps/chunk-G7S6KQDI.js?v=7e14fcc2:22:37)
    at listen (http://localhost:1420/node_modules/.vite/deps/@tauri-apps_api_event.js?v=7e14fcc2:40:14)
    at onPartial (http://localhost:1420/src/lib/events.ts:3:10)
    at Object.init (http://localhost:1420/src/lib/recording.svelte.ts?t=1783271244410:143:3)
    at http://localhost:1420/src/routes/+layout.svelte?t=1783271541297:18:13
    at untrack (http://localhost:1420/node_modules/.vite/deps/chunk-USXNSDCW.js?v=7e14fcc2:4510:12)
    at $effect (http://localhost:1420/node_modules/.vite/deps/chunk-MRXB2PTD.js?v=7e14fcc2:4289:23)
    at update_reaction (http://localhost:1420/node_modules/.vite/deps/chunk-USXNSDCW.js?v=7e14fcc2:4192:18)
    at update_effect (http://localhost:1420/node_modules/.vite/deps/chunk-USXNSDCW.js?v=7e14fcc2:4333:21)
    at flush_queued_effects (http://localhost:1420/node_modules/.vite/deps/chunk-USXNSDCW.js?v=7e14fcc2:3312:7)
[  263114ms] TypeError: Cannot read properties of undefined (reading 'transformCallback')
    at transformCallback (http://localhost:1420/node_modules/.vite/deps/chunk-G7S6KQDI.js?v=7e14fcc2:22:37)
    at listen (http://localhost:1420/node_modules/.vite/deps/@tauri-apps_api_event.js?v=7e14fcc2:40:14)
    at onFinal (http://localhost:1420/src/lib/events.ts:9:10)
    at Object.init (http://localhost:1420/src/lib/recording.svelte.ts?t=1783271244410:147:3)
    at http://localhost:1420/src/routes/+layout.svelte?t=1783271541297:18:13
    at untrack (http://localhost:1420/node_modules/.vite/deps/chunk-USXNSDCW.js?v=7e14fcc2:4510:12)
    at $effect (http://localhost:1420/node_modules/.vite/deps/chunk-MRXB2PTD.js?v=7e14fcc2:4289:23)
    at update_reaction (http://localhost:1420/node_modules/.vite/deps/chunk-USXNSDCW.js?v=7e14fcc2:4192:18)
    at update_effect (http://localhost:1420/node_modules/.vite/deps/chunk-USXNSDCW.js?v=7e14fcc2:4333:21)
    at flush_queued_effects (http://localhost:1420/node_modules/.vite/deps/chunk-USXNSDCW.js?v=7e14fcc2:3312:7)
[  263114ms] TypeError: Cannot read properties of undefined (reading 'transformCallback')
    at transformCallback (http://localhost:1420/node_modules/.vite/deps/chunk-G7S6KQDI.js?v=7e14fcc2:22:37)
    at listen (http://localhost:1420/node_modules/.vite/deps/@tauri-apps_api_event.js?v=7e14fcc2:40:14)
    at onStatus (http://localhost:1420/src/lib/events.ts:6:10)
    at Object.init (http://localhost:1420/src/lib/recording.svelte.ts?t=1783271244410:160:3)
    at http://localhost:1420/src/routes/+layout.svelte?t=1783271541297:18:13
    at untrack (http://localhost:1420/node_modules/.vite/deps/chunk-USXNSDCW.js?v=7e14fcc2:4510:12)
    at $effect (http://localhost:1420/node_modules/.vite/deps/chunk-MRXB2PTD.js?v=7e14fcc2:4289:23)
    at update_reaction (http://localhost:1420/node_modules/.vite/deps/chunk-USXNSDCW.js?v=7e14fcc2:4192:18)
    at update_effect (http://localhost:1420/node_modules/.vite/deps/chunk-USXNSDCW.js?v=7e14fcc2:4333:21)
    at flush_queued_effects (http://localhost:1420/node_modules/.vite/deps/chunk-USXNSDCW.js?v=7e14fcc2:3312:7)
[  263114ms] TypeError: Cannot read properties of undefined (reading 'transformCallback')
    at transformCallback (http://localhost:1420/node_modules/.vite/deps/chunk-G7S6KQDI.js?v=7e14fcc2:22:37)
    at listen (http://localhost:1420/node_modules/.vite/deps/@tauri-apps_api_event.js?v=7e14fcc2:40:14)
    at onLevel (http://localhost:1420/src/lib/events.ts:18:10)
    at Object.init (http://localhost:1420/src/lib/recording.svelte.ts?t=1783271244410:218:3)
    at http://localhost:1420/src/routes/+layout.svelte?t=1783271541297:18:13
    at untrack (http://localhost:1420/node_modules/.vite/deps/chunk-USXNSDCW.js?v=7e14fcc2:4510:12)
    at $effect (http://localhost:1420/node_modules/.vite/deps/chunk-MRXB2PTD.js?v=7e14fcc2:4289:23)
    at update_reaction (http://localhost:1420/node_modules/.vite/deps/chunk-USXNSDCW.js?v=7e14fcc2:4192:18)
    at update_effect (http://localhost:1420/node_modules/.vite/deps/chunk-USXNSDCW.js?v=7e14fcc2:4333:21)
    at flush_queued_effects (http://localhost:1420/node_modules/.vite/deps/chunk-USXNSDCW.js?v=7e14fcc2:3312:7)
[  263114ms] TypeError: Cannot read properties of undefined (reading 'transformCallback')
    at transformCallback (http://localhost:1420/node_modules/.vite/deps/chunk-G7S6KQDI.js?v=7e14fcc2:22:37)
    at listen (http://localhost:1420/node_modules/.vite/deps/@tauri-apps_api_event.js?v=7e14fcc2:40:14)
    at onStorage (http://localhost:1420/src/lib/events.ts:12:10)
    at Object.init (http://localhost:1420/src/lib/recording.svelte.ts?t=1783271244410:229:3)
    at http://localhost:1420/src/routes/+layout.svelte?t=1783271541297:18:13
    at untrack (http://localhost:1420/node_modules/.vite/deps/chunk-USXNSDCW.js?v=7e14fcc2:4510:12)
    at $effect (http://localhost:1420/node_modules/.vite/deps/chunk-MRXB2PTD.js?v=7e14fcc2:4289:23)
    at update_reaction (http://localhost:1420/node_modules/.vite/deps/chunk-USXNSDCW.js?v=7e14fcc2:4192:18)
    at update_effect (http://localhost:1420/node_modules/.vite/deps/chunk-USXNSDCW.js?v=7e14fcc2:4333:21)
    at flush_queued_effects (http://localhost:1420/node_modules/.vite/deps/chunk-USXNSDCW.js?v=7e14fcc2:3312:7)
[  263114ms] TypeError: Cannot read properties of undefined (reading 'transformCallback')
    at transformCallback (http://localhost:1420/node_modules/.vite/deps/chunk-G7S6KQDI.js?v=7e14fcc2:22:37)
    at listen (http://localhost:1420/node_modules/.vite/deps/@tauri-apps_api_event.js?v=7e14fcc2:40:14)
    at onSpeakers (http://localhost:1420/src/lib/events.ts:15:10)
    at Object.init (http://localhost:1420/src/lib/recording.svelte.ts?t=1783271244410:233:3)
    at http://localhost:1420/src/routes/+layout.svelte?t=1783271541297:18:13
    at untrack (http://localhost:1420/node_modules/.vite/deps/chunk-USXNSDCW.js?v=7e14fcc2:4510:12)
    at $effect (http://localhost:1420/node_modules/.vite/deps/chunk-MRXB2PTD.js?v=7e14fcc2:4289:23)
    at update_reaction (http://localhost:1420/node_modules/.vite/deps/chunk-USXNSDCW.js?v=7e14fcc2:4192:18)
    at update_effect (http://localhost:1420/node_modules/.vite/deps/chunk-USXNSDCW.js?v=7e14fcc2:4333:21)
    at flush_queued_effects (http://localhost:1420/node_modules/.vite/deps/chunk-USXNSDCW.js?v=7e14fcc2:3312:7)
[  263114ms] TypeError: Cannot read properties of undefined (reading 'invoke')
    at invoke (http://localhost:1420/node_modules/.vite/deps/chunk-G7S6KQDI.js?v=7e14fcc2:109:37)
    at Object.init (http://localhost:1420/src/lib/recording.svelte.ts?t=1783271244410:243:44)
    at http://localhost:1420/src/routes/+layout.svelte?t=1783271541297:18:13
    at untrack (http://localhost:1420/node_modules/.vite/deps/chunk-USXNSDCW.js?v=7e14fcc2:4510:12)
    at $effect (http://localhost:1420/node_modules/.vite/deps/chunk-MRXB2PTD.js?v=7e14fcc2:4289:23)
    at update_reaction (http://localhost:1420/node_modules/.vite/deps/chunk-USXNSDCW.js?v=7e14fcc2:4192:18)
    at update_effect (http://localhost:1420/node_modules/.vite/deps/chunk-USXNSDCW.js?v=7e14fcc2:4333:21)
    at flush_queued_effects (http://localhost:1420/node_modules/.vite/deps/chunk-USXNSDCW.js?v=7e14fcc2:3312:7)
    at _Batch.process_fn (http://localhost:1420/node_modules/.vite/deps/chunk-USXNSDCW.js?v=7e14fcc2:3004:3)
    at _Batch.flush (http://localhost:1420/node_modules/.vite/deps/chunk-USXNSDCW.js?v=7e14fcc2:2734:59)
