[     102ms] TypeError: Cannot read properties of undefined (reading 'transformCallback')
    at transformCallback (http://localhost:1420/node_modules/.vite/deps/chunk-G7S6KQDI.js?v=7e14fcc2:22:37)
    at listen (http://localhost:1420/node_modules/.vite/deps/@tauri-apps_api_event.js?v=7e14fcc2:40:14)
    at onPartial (http://localhost:1420/src/lib/events.ts:3:10)
    at Object.init (http://localhost:1420/src/lib/recording.svelte.ts:133:3)
    at http://localhost:1420/src/routes/+layout.svelte:18:13
    at untrack (http://localhost:1420/node_modules/.vite/deps/chunk-USXNSDCW.js?v=7e14fcc2:4510:12)
    at $effect (http://localhost:1420/node_modules/.vite/deps/chunk-MRXB2PTD.js?v=7e14fcc2:4289:23)
    at update_reaction (http://localhost:1420/node_modules/.vite/deps/chunk-USXNSDCW.js?v=7e14fcc2:4192:18)
    at update_effect (http://localhost:1420/node_modules/.vite/deps/chunk-USXNSDCW.js?v=7e14fcc2:4333:21)
    at flush_queued_effects (http://localhost:1420/node_modules/.vite/deps/chunk-USXNSDCW.js?v=7e14fcc2:3312:7)
[     103ms] TypeError: Cannot read properties of undefined (reading 'transformCallback')
    at transformCallback (http://localhost:1420/node_modules/.vite/deps/chunk-G7S6KQDI.js?v=7e14fcc2:22:37)
    at listen (http://localhost:1420/node_modules/.vite/deps/@tauri-apps_api_event.js?v=7e14fcc2:40:14)
    at onFinal (http://localhost:1420/src/lib/events.ts:9:10)
    at Object.init (http://localhost:1420/src/lib/recording.svelte.ts:137:3)
    at http://localhost:1420/src/routes/+layout.svelte:18:13
    at untrack (http://localhost:1420/node_modules/.vite/deps/chunk-USXNSDCW.js?v=7e14fcc2:4510:12)
    at $effect (http://localhost:1420/node_modules/.vite/deps/chunk-MRXB2PTD.js?v=7e14fcc2:4289:23)
    at update_reaction (http://localhost:1420/node_modules/.vite/deps/chunk-USXNSDCW.js?v=7e14fcc2:4192:18)
    at update_effect (http://localhost:1420/node_modules/.vite/deps/chunk-USXNSDCW.js?v=7e14fcc2:4333:21)
    at flush_queued_effects (http://localhost:1420/node_modules/.vite/deps/chunk-USXNSDCW.js?v=7e14fcc2:3312:7)
[     104ms] TypeError: Cannot read properties of undefined (reading 'transformCallback')
    at transformCallback (http://localhost:1420/node_modules/.vite/deps/chunk-G7S6KQDI.js?v=7e14fcc2:22:37)
    at listen (http://localhost:1420/node_modules/.vite/deps/@tauri-apps_api_event.js?v=7e14fcc2:40:14)
    at onStatus (http://localhost:1420/src/lib/events.ts:6:10)
    at Object.init (http://localhost:1420/src/lib/recording.svelte.ts:150:3)
    at http://localhost:1420/src/routes/+layout.svelte:18:13
    at untrack (http://localhost:1420/node_modules/.vite/deps/chunk-USXNSDCW.js?v=7e14fcc2:4510:12)
    at $effect (http://localhost:1420/node_modules/.vite/deps/chunk-MRXB2PTD.js?v=7e14fcc2:4289:23)
    at update_reaction (http://localhost:1420/node_modules/.vite/deps/chunk-USXNSDCW.js?v=7e14fcc2:4192:18)
    at update_effect (http://localhost:1420/node_modules/.vite/deps/chunk-USXNSDCW.js?v=7e14fcc2:4333:21)
    at flush_queued_effects (http://localhost:1420/node_modules/.vite/deps/chunk-USXNSDCW.js?v=7e14fcc2:3312:7)
[     104ms] TypeError: Cannot read properties of undefined (reading 'transformCallback')
    at transformCallback (http://localhost:1420/node_modules/.vite/deps/chunk-G7S6KQDI.js?v=7e14fcc2:22:37)
    at listen (http://localhost:1420/node_modules/.vite/deps/@tauri-apps_api_event.js?v=7e14fcc2:40:14)
    at onLevel (http://localhost:1420/src/lib/events.ts:18:10)
    at Object.init (http://localhost:1420/src/lib/recording.svelte.ts:208:3)
    at http://localhost:1420/src/routes/+layout.svelte:18:13
    at untrack (http://localhost:1420/node_modules/.vite/deps/chunk-USXNSDCW.js?v=7e14fcc2:4510:12)
    at $effect (http://localhost:1420/node_modules/.vite/deps/chunk-MRXB2PTD.js?v=7e14fcc2:4289:23)
    at update_reaction (http://localhost:1420/node_modules/.vite/deps/chunk-USXNSDCW.js?v=7e14fcc2:4192:18)
    at update_effect (http://localhost:1420/node_modules/.vite/deps/chunk-USXNSDCW.js?v=7e14fcc2:4333:21)
    at flush_queued_effects (http://localhost:1420/node_modules/.vite/deps/chunk-USXNSDCW.js?v=7e14fcc2:3312:7)
[     104ms] TypeError: Cannot read properties of undefined (reading 'transformCallback')
    at transformCallback (http://localhost:1420/node_modules/.vite/deps/chunk-G7S6KQDI.js?v=7e14fcc2:22:37)
    at listen (http://localhost:1420/node_modules/.vite/deps/@tauri-apps_api_event.js?v=7e14fcc2:40:14)
    at onStorage (http://localhost:1420/src/lib/events.ts:12:10)
    at Object.init (http://localhost:1420/src/lib/recording.svelte.ts:219:3)
    at http://localhost:1420/src/routes/+layout.svelte:18:13
    at untrack (http://localhost:1420/node_modules/.vite/deps/chunk-USXNSDCW.js?v=7e14fcc2:4510:12)
    at $effect (http://localhost:1420/node_modules/.vite/deps/chunk-MRXB2PTD.js?v=7e14fcc2:4289:23)
    at update_reaction (http://localhost:1420/node_modules/.vite/deps/chunk-USXNSDCW.js?v=7e14fcc2:4192:18)
    at update_effect (http://localhost:1420/node_modules/.vite/deps/chunk-USXNSDCW.js?v=7e14fcc2:4333:21)
    at flush_queued_effects (http://localhost:1420/node_modules/.vite/deps/chunk-USXNSDCW.js?v=7e14fcc2:3312:7)
[     104ms] TypeError: Cannot read properties of undefined (reading 'transformCallback')
    at transformCallback (http://localhost:1420/node_modules/.vite/deps/chunk-G7S6KQDI.js?v=7e14fcc2:22:37)
    at listen (http://localhost:1420/node_modules/.vite/deps/@tauri-apps_api_event.js?v=7e14fcc2:40:14)
    at onSpeakers (http://localhost:1420/src/lib/events.ts:15:10)
    at Object.init (http://localhost:1420/src/lib/recording.svelte.ts:223:3)
    at http://localhost:1420/src/routes/+layout.svelte:18:13
    at untrack (http://localhost:1420/node_modules/.vite/deps/chunk-USXNSDCW.js?v=7e14fcc2:4510:12)
    at $effect (http://localhost:1420/node_modules/.vite/deps/chunk-MRXB2PTD.js?v=7e14fcc2:4289:23)
    at update_reaction (http://localhost:1420/node_modules/.vite/deps/chunk-USXNSDCW.js?v=7e14fcc2:4192:18)
    at update_effect (http://localhost:1420/node_modules/.vite/deps/chunk-USXNSDCW.js?v=7e14fcc2:4333:21)
    at flush_queued_effects (http://localhost:1420/node_modules/.vite/deps/chunk-USXNSDCW.js?v=7e14fcc2:3312:7)
[     104ms] TypeError: Cannot read properties of undefined (reading 'invoke')
    at invoke (http://localhost:1420/node_modules/.vite/deps/chunk-G7S6KQDI.js?v=7e14fcc2:109:37)
    at Object.init (http://localhost:1420/src/lib/recording.svelte.ts:233:44)
    at http://localhost:1420/src/routes/+layout.svelte:18:13
    at untrack (http://localhost:1420/node_modules/.vite/deps/chunk-USXNSDCW.js?v=7e14fcc2:4510:12)
    at $effect (http://localhost:1420/node_modules/.vite/deps/chunk-MRXB2PTD.js?v=7e14fcc2:4289:23)
    at update_reaction (http://localhost:1420/node_modules/.vite/deps/chunk-USXNSDCW.js?v=7e14fcc2:4192:18)
    at update_effect (http://localhost:1420/node_modules/.vite/deps/chunk-USXNSDCW.js?v=7e14fcc2:4333:21)
    at flush_queued_effects (http://localhost:1420/node_modules/.vite/deps/chunk-USXNSDCW.js?v=7e14fcc2:3312:7)
    at _Batch.process_fn (http://localhost:1420/node_modules/.vite/deps/chunk-USXNSDCW.js?v=7e14fcc2:3004:3)
    at _Batch.flush (http://localhost:1420/node_modules/.vite/deps/chunk-USXNSDCW.js?v=7e14fcc2:2734:59)
[  104322ms] TypeError: Cannot read properties of undefined (reading 'transformCallback')
    at transformCallback (http://localhost:1420/node_modules/.vite/deps/chunk-G7S6KQDI.js?v=7e14fcc2:22:37)
    at listen (http://localhost:1420/node_modules/.vite/deps/@tauri-apps_api_event.js?v=7e14fcc2:40:14)
    at onPartial (http://localhost:1420/src/lib/events.ts:3:10)
    at Object.init (http://localhost:1420/src/lib/recording.svelte.ts:133:3)
    at http://localhost:1420/src/routes/+layout.svelte?t=1783269717604:18:13
    at untrack (http://localhost:1420/node_modules/.vite/deps/chunk-USXNSDCW.js?v=7e14fcc2:4510:12)
    at $effect (http://localhost:1420/node_modules/.vite/deps/chunk-MRXB2PTD.js?v=7e14fcc2:4289:23)
    at update_reaction (http://localhost:1420/node_modules/.vite/deps/chunk-USXNSDCW.js?v=7e14fcc2:4192:18)
    at update_effect (http://localhost:1420/node_modules/.vite/deps/chunk-USXNSDCW.js?v=7e14fcc2:4333:21)
    at flush_queued_effects (http://localhost:1420/node_modules/.vite/deps/chunk-USXNSDCW.js?v=7e14fcc2:3312:7)
[  104322ms] TypeError: Cannot read properties of undefined (reading 'transformCallback')
    at transformCallback (http://localhost:1420/node_modules/.vite/deps/chunk-G7S6KQDI.js?v=7e14fcc2:22:37)
    at listen (http://localhost:1420/node_modules/.vite/deps/@tauri-apps_api_event.js?v=7e14fcc2:40:14)
    at onFinal (http://localhost:1420/src/lib/events.ts:9:10)
    at Object.init (http://localhost:1420/src/lib/recording.svelte.ts:137:3)
    at http://localhost:1420/src/routes/+layout.svelte?t=1783269717604:18:13
    at untrack (http://localhost:1420/node_modules/.vite/deps/chunk-USXNSDCW.js?v=7e14fcc2:4510:12)
    at $effect (http://localhost:1420/node_modules/.vite/deps/chunk-MRXB2PTD.js?v=7e14fcc2:4289:23)
    at update_reaction (http://localhost:1420/node_modules/.vite/deps/chunk-USXNSDCW.js?v=7e14fcc2:4192:18)
    at update_effect (http://localhost:1420/node_modules/.vite/deps/chunk-USXNSDCW.js?v=7e14fcc2:4333:21)
    at flush_queued_effects (http://localhost:1420/node_modules/.vite/deps/chunk-USXNSDCW.js?v=7e14fcc2:3312:7)
[  104323ms] TypeError: Cannot read properties of undefined (reading 'transformCallback')
    at transformCallback (http://localhost:1420/node_modules/.vite/deps/chunk-G7S6KQDI.js?v=7e14fcc2:22:37)
    at listen (http://localhost:1420/node_modules/.vite/deps/@tauri-apps_api_event.js?v=7e14fcc2:40:14)
    at onStatus (http://localhost:1420/src/lib/events.ts:6:10)
    at Object.init (http://localhost:1420/src/lib/recording.svelte.ts:150:3)
    at http://localhost:1420/src/routes/+layout.svelte?t=1783269717604:18:13
    at untrack (http://localhost:1420/node_modules/.vite/deps/chunk-USXNSDCW.js?v=7e14fcc2:4510:12)
    at $effect (http://localhost:1420/node_modules/.vite/deps/chunk-MRXB2PTD.js?v=7e14fcc2:4289:23)
    at update_reaction (http://localhost:1420/node_modules/.vite/deps/chunk-USXNSDCW.js?v=7e14fcc2:4192:18)
    at update_effect (http://localhost:1420/node_modules/.vite/deps/chunk-USXNSDCW.js?v=7e14fcc2:4333:21)
    at flush_queued_effects (http://localhost:1420/node_modules/.vite/deps/chunk-USXNSDCW.js?v=7e14fcc2:3312:7)
[  104323ms] TypeError: Cannot read properties of undefined (reading 'transformCallback')
    at transformCallback (http://localhost:1420/node_modules/.vite/deps/chunk-G7S6KQDI.js?v=7e14fcc2:22:37)
    at listen (http://localhost:1420/node_modules/.vite/deps/@tauri-apps_api_event.js?v=7e14fcc2:40:14)
    at onLevel (http://localhost:1420/src/lib/events.ts:18:10)
    at Object.init (http://localhost:1420/src/lib/recording.svelte.ts:208:3)
    at http://localhost:1420/src/routes/+layout.svelte?t=1783269717604:18:13
    at untrack (http://localhost:1420/node_modules/.vite/deps/chunk-USXNSDCW.js?v=7e14fcc2:4510:12)
    at $effect (http://localhost:1420/node_modules/.vite/deps/chunk-MRXB2PTD.js?v=7e14fcc2:4289:23)
    at update_reaction (http://localhost:1420/node_modules/.vite/deps/chunk-USXNSDCW.js?v=7e14fcc2:4192:18)
    at update_effect (http://localhost:1420/node_modules/.vite/deps/chunk-USXNSDCW.js?v=7e14fcc2:4333:21)
    at flush_queued_effects (http://localhost:1420/node_modules/.vite/deps/chunk-USXNSDCW.js?v=7e14fcc2:3312:7)
[  104323ms] TypeError: Cannot read properties of undefined (reading 'transformCallback')
    at transformCallback (http://localhost:1420/node_modules/.vite/deps/chunk-G7S6KQDI.js?v=7e14fcc2:22:37)
    at listen (http://localhost:1420/node_modules/.vite/deps/@tauri-apps_api_event.js?v=7e14fcc2:40:14)
    at onStorage (http://localhost:1420/src/lib/events.ts:12:10)
    at Object.init (http://localhost:1420/src/lib/recording.svelte.ts:219:3)
    at http://localhost:1420/src/routes/+layout.svelte?t=1783269717604:18:13
    at untrack (http://localhost:1420/node_modules/.vite/deps/chunk-USXNSDCW.js?v=7e14fcc2:4510:12)
    at $effect (http://localhost:1420/node_modules/.vite/deps/chunk-MRXB2PTD.js?v=7e14fcc2:4289:23)
    at update_reaction (http://localhost:1420/node_modules/.vite/deps/chunk-USXNSDCW.js?v=7e14fcc2:4192:18)
    at update_effect (http://localhost:1420/node_modules/.vite/deps/chunk-USXNSDCW.js?v=7e14fcc2:4333:21)
    at flush_queued_effects (http://localhost:1420/node_modules/.vite/deps/chunk-USXNSDCW.js?v=7e14fcc2:3312:7)
[  104323ms] TypeError: Cannot read properties of undefined (reading 'transformCallback')
    at transformCallback (http://localhost:1420/node_modules/.vite/deps/chunk-G7S6KQDI.js?v=7e14fcc2:22:37)
    at listen (http://localhost:1420/node_modules/.vite/deps/@tauri-apps_api_event.js?v=7e14fcc2:40:14)
    at onSpeakers (http://localhost:1420/src/lib/events.ts:15:10)
    at Object.init (http://localhost:1420/src/lib/recording.svelte.ts:223:3)
    at http://localhost:1420/src/routes/+layout.svelte?t=1783269717604:18:13
    at untrack (http://localhost:1420/node_modules/.vite/deps/chunk-USXNSDCW.js?v=7e14fcc2:4510:12)
    at $effect (http://localhost:1420/node_modules/.vite/deps/chunk-MRXB2PTD.js?v=7e14fcc2:4289:23)
    at update_reaction (http://localhost:1420/node_modules/.vite/deps/chunk-USXNSDCW.js?v=7e14fcc2:4192:18)
    at update_effect (http://localhost:1420/node_modules/.vite/deps/chunk-USXNSDCW.js?v=7e14fcc2:4333:21)
    at flush_queued_effects (http://localhost:1420/node_modules/.vite/deps/chunk-USXNSDCW.js?v=7e14fcc2:3312:7)
[  104324ms] TypeError: Cannot read properties of undefined (reading 'invoke')
    at invoke (http://localhost:1420/node_modules/.vite/deps/chunk-G7S6KQDI.js?v=7e14fcc2:109:37)
    at Object.init (http://localhost:1420/src/lib/recording.svelte.ts:233:44)
    at http://localhost:1420/src/routes/+layout.svelte?t=1783269717604:18:13
    at untrack (http://localhost:1420/node_modules/.vite/deps/chunk-USXNSDCW.js?v=7e14fcc2:4510:12)
    at $effect (http://localhost:1420/node_modules/.vite/deps/chunk-MRXB2PTD.js?v=7e14fcc2:4289:23)
    at update_reaction (http://localhost:1420/node_modules/.vite/deps/chunk-USXNSDCW.js?v=7e14fcc2:4192:18)
    at update_effect (http://localhost:1420/node_modules/.vite/deps/chunk-USXNSDCW.js?v=7e14fcc2:4333:21)
    at flush_queued_effects (http://localhost:1420/node_modules/.vite/deps/chunk-USXNSDCW.js?v=7e14fcc2:3312:7)
    at _Batch.process_fn (http://localhost:1420/node_modules/.vite/deps/chunk-USXNSDCW.js?v=7e14fcc2:3004:3)
    at _Batch.flush (http://localhost:1420/node_modules/.vite/deps/chunk-USXNSDCW.js?v=7e14fcc2:2734:59)
[ 1606839ms] TypeError: Cannot read properties of undefined (reading 'transformCallback')
    at transformCallback (http://localhost:1420/node_modules/.vite/deps/chunk-G7S6KQDI.js?v=7e14fcc2:22:37)
    at listen (http://localhost:1420/node_modules/.vite/deps/@tauri-apps_api_event.js?v=7e14fcc2:40:14)
    at onPartial (http://localhost:1420/src/lib/events.ts:3:10)
    at Object.init (http://localhost:1420/src/lib/recording.svelte.ts?t=1783271242039:134:3)
    at http://localhost:1420/src/routes/+layout.svelte?t=1783271242039:18:13
    at untrack (http://localhost:1420/node_modules/.vite/deps/chunk-USXNSDCW.js?v=7e14fcc2:4510:12)
    at $effect (http://localhost:1420/node_modules/.vite/deps/chunk-MRXB2PTD.js?v=7e14fcc2:4289:23)
    at update_reaction (http://localhost:1420/node_modules/.vite/deps/chunk-USXNSDCW.js?v=7e14fcc2:4192:18)
    at update_effect (http://localhost:1420/node_modules/.vite/deps/chunk-USXNSDCW.js?v=7e14fcc2:4333:21)
    at flush_queued_effects (http://localhost:1420/node_modules/.vite/deps/chunk-USXNSDCW.js?v=7e14fcc2:3312:7)
[ 1606840ms] TypeError: Cannot read properties of undefined (reading 'transformCallback')
    at transformCallback (http://localhost:1420/node_modules/.vite/deps/chunk-G7S6KQDI.js?v=7e14fcc2:22:37)
    at listen (http://localhost:1420/node_modules/.vite/deps/@tauri-apps_api_event.js?v=7e14fcc2:40:14)
    at onFinal (http://localhost:1420/src/lib/events.ts:9:10)
    at Object.init (http://localhost:1420/src/lib/recording.svelte.ts?t=1783271242039:138:3)
    at http://localhost:1420/src/routes/+layout.svelte?t=1783271242039:18:13
    at untrack (http://localhost:1420/node_modules/.vite/deps/chunk-USXNSDCW.js?v=7e14fcc2:4510:12)
    at $effect (http://localhost:1420/node_modules/.vite/deps/chunk-MRXB2PTD.js?v=7e14fcc2:4289:23)
    at update_reaction (http://localhost:1420/node_modules/.vite/deps/chunk-USXNSDCW.js?v=7e14fcc2:4192:18)
    at update_effect (http://localhost:1420/node_modules/.vite/deps/chunk-USXNSDCW.js?v=7e14fcc2:4333:21)
    at flush_queued_effects (http://localhost:1420/node_modules/.vite/deps/chunk-USXNSDCW.js?v=7e14fcc2:3312:7)
[ 1606840ms] TypeError: Cannot read properties of undefined (reading 'transformCallback')
    at transformCallback (http://localhost:1420/node_modules/.vite/deps/chunk-G7S6KQDI.js?v=7e14fcc2:22:37)
    at listen (http://localhost:1420/node_modules/.vite/deps/@tauri-apps_api_event.js?v=7e14fcc2:40:14)
    at onStatus (http://localhost:1420/src/lib/events.ts:6:10)
    at Object.init (http://localhost:1420/src/lib/recording.svelte.ts?t=1783271242039:151:3)
    at http://localhost:1420/src/routes/+layout.svelte?t=1783271242039:18:13
    at untrack (http://localhost:1420/node_modules/.vite/deps/chunk-USXNSDCW.js?v=7e14fcc2:4510:12)
    at $effect (http://localhost:1420/node_modules/.vite/deps/chunk-MRXB2PTD.js?v=7e14fcc2:4289:23)
    at update_reaction (http://localhost:1420/node_modules/.vite/deps/chunk-USXNSDCW.js?v=7e14fcc2:4192:18)
    at update_effect (http://localhost:1420/node_modules/.vite/deps/chunk-USXNSDCW.js?v=7e14fcc2:4333:21)
    at flush_queued_effects (http://localhost:1420/node_modules/.vite/deps/chunk-USXNSDCW.js?v=7e14fcc2:3312:7)
[ 1606840ms] TypeError: Cannot read properties of undefined (reading 'transformCallback')
    at transformCallback (http://localhost:1420/node_modules/.vite/deps/chunk-G7S6KQDI.js?v=7e14fcc2:22:37)
    at listen (http://localhost:1420/node_modules/.vite/deps/@tauri-apps_api_event.js?v=7e14fcc2:40:14)
    at onLevel (http://localhost:1420/src/lib/events.ts:18:10)
    at Object.init (http://localhost:1420/src/lib/recording.svelte.ts?t=1783271242039:209:3)
    at http://localhost:1420/src/routes/+layout.svelte?t=1783271242039:18:13
    at untrack (http://localhost:1420/node_modules/.vite/deps/chunk-USXNSDCW.js?v=7e14fcc2:4510:12)
    at $effect (http://localhost:1420/node_modules/.vite/deps/chunk-MRXB2PTD.js?v=7e14fcc2:4289:23)
    at update_reaction (http://localhost:1420/node_modules/.vite/deps/chunk-USXNSDCW.js?v=7e14fcc2:4192:18)
    at update_effect (http://localhost:1420/node_modules/.vite/deps/chunk-USXNSDCW.js?v=7e14fcc2:4333:21)
    at flush_queued_effects (http://localhost:1420/node_modules/.vite/deps/chunk-USXNSDCW.js?v=7e14fcc2:3312:7)
[ 1606840ms] TypeError: Cannot read properties of undefined (reading 'transformCallback')
    at transformCallback (http://localhost:1420/node_modules/.vite/deps/chunk-G7S6KQDI.js?v=7e14fcc2:22:37)
    at listen (http://localhost:1420/node_modules/.vite/deps/@tauri-apps_api_event.js?v=7e14fcc2:40:14)
    at onStorage (http://localhost:1420/src/lib/events.ts:12:10)
    at Object.init (http://localhost:1420/src/lib/recording.svelte.ts?t=1783271242039:220:3)
    at http://localhost:1420/src/routes/+layout.svelte?t=1783271242039:18:13
    at untrack (http://localhost:1420/node_modules/.vite/deps/chunk-USXNSDCW.js?v=7e14fcc2:4510:12)
    at $effect (http://localhost:1420/node_modules/.vite/deps/chunk-MRXB2PTD.js?v=7e14fcc2:4289:23)
    at update_reaction (http://localhost:1420/node_modules/.vite/deps/chunk-USXNSDCW.js?v=7e14fcc2:4192:18)
    at update_effect (http://localhost:1420/node_modules/.vite/deps/chunk-USXNSDCW.js?v=7e14fcc2:4333:21)
    at flush_queued_effects (http://localhost:1420/node_modules/.vite/deps/chunk-USXNSDCW.js?v=7e14fcc2:3312:7)
[ 1606840ms] TypeError: Cannot read properties of undefined (reading 'transformCallback')
    at transformCallback (http://localhost:1420/node_modules/.vite/deps/chunk-G7S6KQDI.js?v=7e14fcc2:22:37)
    at listen (http://localhost:1420/node_modules/.vite/deps/@tauri-apps_api_event.js?v=7e14fcc2:40:14)
    at onSpeakers (http://localhost:1420/src/lib/events.ts:15:10)
    at Object.init (http://localhost:1420/src/lib/recording.svelte.ts?t=1783271242039:224:3)
    at http://localhost:1420/src/routes/+layout.svelte?t=1783271242039:18:13
    at untrack (http://localhost:1420/node_modules/.vite/deps/chunk-USXNSDCW.js?v=7e14fcc2:4510:12)
    at $effect (http://localhost:1420/node_modules/.vite/deps/chunk-MRXB2PTD.js?v=7e14fcc2:4289:23)
    at update_reaction (http://localhost:1420/node_modules/.vite/deps/chunk-USXNSDCW.js?v=7e14fcc2:4192:18)
    at update_effect (http://localhost:1420/node_modules/.vite/deps/chunk-USXNSDCW.js?v=7e14fcc2:4333:21)
    at flush_queued_effects (http://localhost:1420/node_modules/.vite/deps/chunk-USXNSDCW.js?v=7e14fcc2:3312:7)
[ 1606840ms] TypeError: Cannot read properties of undefined (reading 'invoke')
    at invoke (http://localhost:1420/node_modules/.vite/deps/chunk-G7S6KQDI.js?v=7e14fcc2:109:37)
    at Object.init (http://localhost:1420/src/lib/recording.svelte.ts?t=1783271242039:234:44)
    at http://localhost:1420/src/routes/+layout.svelte?t=1783271242039:18:13
    at untrack (http://localhost:1420/node_modules/.vite/deps/chunk-USXNSDCW.js?v=7e14fcc2:4510:12)
    at $effect (http://localhost:1420/node_modules/.vite/deps/chunk-MRXB2PTD.js?v=7e14fcc2:4289:23)
    at update_reaction (http://localhost:1420/node_modules/.vite/deps/chunk-USXNSDCW.js?v=7e14fcc2:4192:18)
    at update_effect (http://localhost:1420/node_modules/.vite/deps/chunk-USXNSDCW.js?v=7e14fcc2:4333:21)
    at flush_queued_effects (http://localhost:1420/node_modules/.vite/deps/chunk-USXNSDCW.js?v=7e14fcc2:3312:7)
    at _Batch.process_fn (http://localhost:1420/node_modules/.vite/deps/chunk-USXNSDCW.js?v=7e14fcc2:3004:3)
    at _Batch.flush (http://localhost:1420/node_modules/.vite/deps/chunk-USXNSDCW.js?v=7e14fcc2:2734:59)
[ 1609182ms] TypeError: Cannot read properties of undefined (reading 'transformCallback')
    at transformCallback (http://localhost:1420/node_modules/.vite/deps/chunk-G7S6KQDI.js?v=7e14fcc2:22:37)
    at listen (http://localhost:1420/node_modules/.vite/deps/@tauri-apps_api_event.js?v=7e14fcc2:40:14)
    at onPartial (http://localhost:1420/src/lib/events.ts:3:10)
    at Object.init (http://localhost:1420/src/lib/recording.svelte.ts?t=1783271244410:143:3)
    at http://localhost:1420/src/routes/+layout.svelte?t=1783271244410:18:13
    at untrack (http://localhost:1420/node_modules/.vite/deps/chunk-USXNSDCW.js?v=7e14fcc2:4510:12)
    at $effect (http://localhost:1420/node_modules/.vite/deps/chunk-MRXB2PTD.js?v=7e14fcc2:4289:23)
    at update_reaction (http://localhost:1420/node_modules/.vite/deps/chunk-USXNSDCW.js?v=7e14fcc2:4192:18)
    at update_effect (http://localhost:1420/node_modules/.vite/deps/chunk-USXNSDCW.js?v=7e14fcc2:4333:21)
    at flush_queued_effects (http://localhost:1420/node_modules/.vite/deps/chunk-USXNSDCW.js?v=7e14fcc2:3312:7)
[ 1609182ms] TypeError: Cannot read properties of undefined (reading 'transformCallback')
    at transformCallback (http://localhost:1420/node_modules/.vite/deps/chunk-G7S6KQDI.js?v=7e14fcc2:22:37)
    at listen (http://localhost:1420/node_modules/.vite/deps/@tauri-apps_api_event.js?v=7e14fcc2:40:14)
    at onFinal (http://localhost:1420/src/lib/events.ts:9:10)
    at Object.init (http://localhost:1420/src/lib/recording.svelte.ts?t=1783271244410:147:3)
    at http://localhost:1420/src/routes/+layout.svelte?t=1783271244410:18:13
    at untrack (http://localhost:1420/node_modules/.vite/deps/chunk-USXNSDCW.js?v=7e14fcc2:4510:12)
    at $effect (http://localhost:1420/node_modules/.vite/deps/chunk-MRXB2PTD.js?v=7e14fcc2:4289:23)
    at update_reaction (http://localhost:1420/node_modules/.vite/deps/chunk-USXNSDCW.js?v=7e14fcc2:4192:18)
    at update_effect (http://localhost:1420/node_modules/.vite/deps/chunk-USXNSDCW.js?v=7e14fcc2:4333:21)
    at flush_queued_effects (http://localhost:1420/node_modules/.vite/deps/chunk-USXNSDCW.js?v=7e14fcc2:3312:7)
[ 1609182ms] TypeError: Cannot read properties of undefined (reading 'transformCallback')
    at transformCallback (http://localhost:1420/node_modules/.vite/deps/chunk-G7S6KQDI.js?v=7e14fcc2:22:37)
    at listen (http://localhost:1420/node_modules/.vite/deps/@tauri-apps_api_event.js?v=7e14fcc2:40:14)
    at onStatus (http://localhost:1420/src/lib/events.ts:6:10)
    at Object.init (http://localhost:1420/src/lib/recording.svelte.ts?t=1783271244410:160:3)
    at http://localhost:1420/src/routes/+layout.svelte?t=1783271244410:18:13
    at untrack (http://localhost:1420/node_modules/.vite/deps/chunk-USXNSDCW.js?v=7e14fcc2:4510:12)
    at $effect (http://localhost:1420/node_modules/.vite/deps/chunk-MRXB2PTD.js?v=7e14fcc2:4289:23)
    at update_reaction (http://localhost:1420/node_modules/.vite/deps/chunk-USXNSDCW.js?v=7e14fcc2:4192:18)
    at update_effect (http://localhost:1420/node_modules/.vite/deps/chunk-USXNSDCW.js?v=7e14fcc2:4333:21)
    at flush_queued_effects (http://localhost:1420/node_modules/.vite/deps/chunk-USXNSDCW.js?v=7e14fcc2:3312:7)
[ 1609182ms] TypeError: Cannot read properties of undefined (reading 'transformCallback')
    at transformCallback (http://localhost:1420/node_modules/.vite/deps/chunk-G7S6KQDI.js?v=7e14fcc2:22:37)
    at listen (http://localhost:1420/node_modules/.vite/deps/@tauri-apps_api_event.js?v=7e14fcc2:40:14)
    at onLevel (http://localhost:1420/src/lib/events.ts:18:10)
    at Object.init (http://localhost:1420/src/lib/recording.svelte.ts?t=1783271244410:218:3)
    at http://localhost:1420/src/routes/+layout.svelte?t=1783271244410:18:13
    at untrack (http://localhost:1420/node_modules/.vite/deps/chunk-USXNSDCW.js?v=7e14fcc2:4510:12)
    at $effect (http://localhost:1420/node_modules/.vite/deps/chunk-MRXB2PTD.js?v=7e14fcc2:4289:23)
    at update_reaction (http://localhost:1420/node_modules/.vite/deps/chunk-USXNSDCW.js?v=7e14fcc2:4192:18)
    at update_effect (http://localhost:1420/node_modules/.vite/deps/chunk-USXNSDCW.js?v=7e14fcc2:4333:21)
    at flush_queued_effects (http://localhost:1420/node_modules/.vite/deps/chunk-USXNSDCW.js?v=7e14fcc2:3312:7)
[ 1609182ms] TypeError: Cannot read properties of undefined (reading 'transformCallback')
    at transformCallback (http://localhost:1420/node_modules/.vite/deps/chunk-G7S6KQDI.js?v=7e14fcc2:22:37)
    at listen (http://localhost:1420/node_modules/.vite/deps/@tauri-apps_api_event.js?v=7e14fcc2:40:14)
    at onStorage (http://localhost:1420/src/lib/events.ts:12:10)
    at Object.init (http://localhost:1420/src/lib/recording.svelte.ts?t=1783271244410:229:3)
    at http://localhost:1420/src/routes/+layout.svelte?t=1783271244410:18:13
    at untrack (http://localhost:1420/node_modules/.vite/deps/chunk-USXNSDCW.js?v=7e14fcc2:4510:12)
    at $effect (http://localhost:1420/node_modules/.vite/deps/chunk-MRXB2PTD.js?v=7e14fcc2:4289:23)
    at update_reaction (http://localhost:1420/node_modules/.vite/deps/chunk-USXNSDCW.js?v=7e14fcc2:4192:18)
    at update_effect (http://localhost:1420/node_modules/.vite/deps/chunk-USXNSDCW.js?v=7e14fcc2:4333:21)
    at flush_queued_effects (http://localhost:1420/node_modules/.vite/deps/chunk-USXNSDCW.js?v=7e14fcc2:3312:7)
[ 1609182ms] TypeError: Cannot read properties of undefined (reading 'transformCallback')
    at transformCallback (http://localhost:1420/node_modules/.vite/deps/chunk-G7S6KQDI.js?v=7e14fcc2:22:37)
    at listen (http://localhost:1420/node_modules/.vite/deps/@tauri-apps_api_event.js?v=7e14fcc2:40:14)
    at onSpeakers (http://localhost:1420/src/lib/events.ts:15:10)
    at Object.init (http://localhost:1420/src/lib/recording.svelte.ts?t=1783271244410:233:3)
    at http://localhost:1420/src/routes/+layout.svelte?t=1783271244410:18:13
    at untrack (http://localhost:1420/node_modules/.vite/deps/chunk-USXNSDCW.js?v=7e14fcc2:4510:12)
    at $effect (http://localhost:1420/node_modules/.vite/deps/chunk-MRXB2PTD.js?v=7e14fcc2:4289:23)
    at update_reaction (http://localhost:1420/node_modules/.vite/deps/chunk-USXNSDCW.js?v=7e14fcc2:4192:18)
    at update_effect (http://localhost:1420/node_modules/.vite/deps/chunk-USXNSDCW.js?v=7e14fcc2:4333:21)
    at flush_queued_effects (http://localhost:1420/node_modules/.vite/deps/chunk-USXNSDCW.js?v=7e14fcc2:3312:7)
[ 1609182ms] TypeError: Cannot read properties of undefined (reading 'invoke')
    at invoke (http://localhost:1420/node_modules/.vite/deps/chunk-G7S6KQDI.js?v=7e14fcc2:109:37)
    at Object.init (http://localhost:1420/src/lib/recording.svelte.ts?t=1783271244410:243:44)
    at http://localhost:1420/src/routes/+layout.svelte?t=1783271244410:18:13
    at untrack (http://localhost:1420/node_modules/.vite/deps/chunk-USXNSDCW.js?v=7e14fcc2:4510:12)
    at $effect (http://localhost:1420/node_modules/.vite/deps/chunk-MRXB2PTD.js?v=7e14fcc2:4289:23)
    at update_reaction (http://localhost:1420/node_modules/.vite/deps/chunk-USXNSDCW.js?v=7e14fcc2:4192:18)
    at update_effect (http://localhost:1420/node_modules/.vite/deps/chunk-USXNSDCW.js?v=7e14fcc2:4333:21)
    at flush_queued_effects (http://localhost:1420/node_modules/.vite/deps/chunk-USXNSDCW.js?v=7e14fcc2:3312:7)
    at _Batch.process_fn (http://localhost:1420/node_modules/.vite/deps/chunk-USXNSDCW.js?v=7e14fcc2:3004:3)
    at _Batch.flush (http://localhost:1420/node_modules/.vite/deps/chunk-USXNSDCW.js?v=7e14fcc2:2734:59)
[ 1628460ms] TypeError: Cannot read properties of undefined (reading 'transformCallback')
    at transformCallback (http://localhost:1420/node_modules/.vite/deps/chunk-G7S6KQDI.js?v=7e14fcc2:22:37)
    at listen (http://localhost:1420/node_modules/.vite/deps/@tauri-apps_api_event.js?v=7e14fcc2:40:14)
    at onPartial (http://localhost:1420/src/lib/events.ts:3:10)
    at Object.init (http://localhost:1420/src/lib/recording.svelte.ts?t=1783271244410:143:3)
    at http://localhost:1420/src/routes/+layout.svelte?t=1783271244410:18:13
    at untrack (http://localhost:1420/node_modules/.vite/deps/chunk-USXNSDCW.js?v=7e14fcc2:4510:12)
    at $effect (http://localhost:1420/node_modules/.vite/deps/chunk-MRXB2PTD.js?v=7e14fcc2:4289:23)
    at update_reaction (http://localhost:1420/node_modules/.vite/deps/chunk-USXNSDCW.js?v=7e14fcc2:4192:18)
    at update_effect (http://localhost:1420/node_modules/.vite/deps/chunk-USXNSDCW.js?v=7e14fcc2:4333:21)
    at flush_queued_effects (http://localhost:1420/node_modules/.vite/deps/chunk-USXNSDCW.js?v=7e14fcc2:3312:7)
[ 1628460ms] TypeError: Cannot read properties of undefined (reading 'transformCallback')
    at transformCallback (http://localhost:1420/node_modules/.vite/deps/chunk-G7S6KQDI.js?v=7e14fcc2:22:37)
    at listen (http://localhost:1420/node_modules/.vite/deps/@tauri-apps_api_event.js?v=7e14fcc2:40:14)
    at onFinal (http://localhost:1420/src/lib/events.ts:9:10)
    at Object.init (http://localhost:1420/src/lib/recording.svelte.ts?t=1783271244410:147:3)
    at http://localhost:1420/src/routes/+layout.svelte?t=1783271244410:18:13
    at untrack (http://localhost:1420/node_modules/.vite/deps/chunk-USXNSDCW.js?v=7e14fcc2:4510:12)
    at $effect (http://localhost:1420/node_modules/.vite/deps/chunk-MRXB2PTD.js?v=7e14fcc2:4289:23)
    at update_reaction (http://localhost:1420/node_modules/.vite/deps/chunk-USXNSDCW.js?v=7e14fcc2:4192:18)
    at update_effect (http://localhost:1420/node_modules/.vite/deps/chunk-USXNSDCW.js?v=7e14fcc2:4333:21)
    at flush_queued_effects (http://localhost:1420/node_modules/.vite/deps/chunk-USXNSDCW.js?v=7e14fcc2:3312:7)
[ 1628460ms] TypeError: Cannot read properties of undefined (reading 'transformCallback')
    at transformCallback (http://localhost:1420/node_modules/.vite/deps/chunk-G7S6KQDI.js?v=7e14fcc2:22:37)
    at listen (http://localhost:1420/node_modules/.vite/deps/@tauri-apps_api_event.js?v=7e14fcc2:40:14)
    at onStatus (http://localhost:1420/src/lib/events.ts:6:10)
    at Object.init (http://localhost:1420/src/lib/recording.svelte.ts?t=1783271244410:160:3)
    at http://localhost:1420/src/routes/+layout.svelte?t=1783271244410:18:13
    at untrack (http://localhost:1420/node_modules/.vite/deps/chunk-USXNSDCW.js?v=7e14fcc2:4510:12)
    at $effect (http://localhost:1420/node_modules/.vite/deps/chunk-MRXB2PTD.js?v=7e14fcc2:4289:23)
    at update_reaction (http://localhost:1420/node_modules/.vite/deps/chunk-USXNSDCW.js?v=7e14fcc2:4192:18)
    at update_effect (http://localhost:1420/node_modules/.vite/deps/chunk-USXNSDCW.js?v=7e14fcc2:4333:21)
    at flush_queued_effects (http://localhost:1420/node_modules/.vite/deps/chunk-USXNSDCW.js?v=7e14fcc2:3312:7)
[ 1628460ms] TypeError: Cannot read properties of undefined (reading 'transformCallback')
    at transformCallback (http://localhost:1420/node_modules/.vite/deps/chunk-G7S6KQDI.js?v=7e14fcc2:22:37)
    at listen (http://localhost:1420/node_modules/.vite/deps/@tauri-apps_api_event.js?v=7e14fcc2:40:14)
    at onLevel (http://localhost:1420/src/lib/events.ts:18:10)
    at Object.init (http://localhost:1420/src/lib/recording.svelte.ts?t=1783271244410:218:3)
    at http://localhost:1420/src/routes/+layout.svelte?t=1783271244410:18:13
    at untrack (http://localhost:1420/node_modules/.vite/deps/chunk-USXNSDCW.js?v=7e14fcc2:4510:12)
    at $effect (http://localhost:1420/node_modules/.vite/deps/chunk-MRXB2PTD.js?v=7e14fcc2:4289:23)
    at update_reaction (http://localhost:1420/node_modules/.vite/deps/chunk-USXNSDCW.js?v=7e14fcc2:4192:18)
    at update_effect (http://localhost:1420/node_modules/.vite/deps/chunk-USXNSDCW.js?v=7e14fcc2:4333:21)
    at flush_queued_effects (http://localhost:1420/node_modules/.vite/deps/chunk-USXNSDCW.js?v=7e14fcc2:3312:7)
[ 1628460ms] TypeError: Cannot read properties of undefined (reading 'transformCallback')
    at transformCallback (http://localhost:1420/node_modules/.vite/deps/chunk-G7S6KQDI.js?v=7e14fcc2:22:37)
    at listen (http://localhost:1420/node_modules/.vite/deps/@tauri-apps_api_event.js?v=7e14fcc2:40:14)
    at onStorage (http://localhost:1420/src/lib/events.ts:12:10)
    at Object.init (http://localhost:1420/src/lib/recording.svelte.ts?t=1783271244410:229:3)
    at http://localhost:1420/src/routes/+layout.svelte?t=1783271244410:18:13
    at untrack (http://localhost:1420/node_modules/.vite/deps/chunk-USXNSDCW.js?v=7e14fcc2:4510:12)
    at $effect (http://localhost:1420/node_modules/.vite/deps/chunk-MRXB2PTD.js?v=7e14fcc2:4289:23)
    at update_reaction (http://localhost:1420/node_modules/.vite/deps/chunk-USXNSDCW.js?v=7e14fcc2:4192:18)
    at update_effect (http://localhost:1420/node_modules/.vite/deps/chunk-USXNSDCW.js?v=7e14fcc2:4333:21)
    at flush_queued_effects (http://localhost:1420/node_modules/.vite/deps/chunk-USXNSDCW.js?v=7e14fcc2:3312:7)
[ 1628460ms] TypeError: Cannot read properties of undefined (reading 'transformCallback')
    at transformCallback (http://localhost:1420/node_modules/.vite/deps/chunk-G7S6KQDI.js?v=7e14fcc2:22:37)
    at listen (http://localhost:1420/node_modules/.vite/deps/@tauri-apps_api_event.js?v=7e14fcc2:40:14)
    at onSpeakers (http://localhost:1420/src/lib/events.ts:15:10)
    at Object.init (http://localhost:1420/src/lib/recording.svelte.ts?t=1783271244410:233:3)
    at http://localhost:1420/src/routes/+layout.svelte?t=1783271244410:18:13
    at untrack (http://localhost:1420/node_modules/.vite/deps/chunk-USXNSDCW.js?v=7e14fcc2:4510:12)
    at $effect (http://localhost:1420/node_modules/.vite/deps/chunk-MRXB2PTD.js?v=7e14fcc2:4289:23)
    at update_reaction (http://localhost:1420/node_modules/.vite/deps/chunk-USXNSDCW.js?v=7e14fcc2:4192:18)
    at update_effect (http://localhost:1420/node_modules/.vite/deps/chunk-USXNSDCW.js?v=7e14fcc2:4333:21)
    at flush_queued_effects (http://localhost:1420/node_modules/.vite/deps/chunk-USXNSDCW.js?v=7e14fcc2:3312:7)
[ 1628460ms] TypeError: Cannot read properties of undefined (reading 'invoke')
    at invoke (http://localhost:1420/node_modules/.vite/deps/chunk-G7S6KQDI.js?v=7e14fcc2:109:37)
    at Object.init (http://localhost:1420/src/lib/recording.svelte.ts?t=1783271244410:243:44)
    at http://localhost:1420/src/routes/+layout.svelte?t=1783271244410:18:13
    at untrack (http://localhost:1420/node_modules/.vite/deps/chunk-USXNSDCW.js?v=7e14fcc2:4510:12)
    at $effect (http://localhost:1420/node_modules/.vite/deps/chunk-MRXB2PTD.js?v=7e14fcc2:4289:23)
    at update_reaction (http://localhost:1420/node_modules/.vite/deps/chunk-USXNSDCW.js?v=7e14fcc2:4192:18)
    at update_effect (http://localhost:1420/node_modules/.vite/deps/chunk-USXNSDCW.js?v=7e14fcc2:4333:21)
    at flush_queued_effects (http://localhost:1420/node_modules/.vite/deps/chunk-USXNSDCW.js?v=7e14fcc2:3312:7)
    at _Batch.process_fn (http://localhost:1420/node_modules/.vite/deps/chunk-USXNSDCW.js?v=7e14fcc2:3004:3)
    at _Batch.flush (http://localhost:1420/node_modules/.vite/deps/chunk-USXNSDCW.js?v=7e14fcc2:2734:59)
